2025-10-22 14:02:20,756 INFO - Loaded executor: CeleryExecutor
2025-10-22 14:02:20,788 INFO - Starting the scheduler
2025-10-22 14:02:20,788 INFO - Processing each file at most -1 times
2025-10-22 14:02:20,793 INFO - Launched DagFileProcessorManager with pid: 14217
2025-10-22 14:02:20,795 INFO - Adopting or resetting orphaned tasks for active dag runs
2025-10-22 14:02:20,799 INFO - Configured default timezone UTC
2025-10-22 14:07:20,863 INFO - Adopting or resetting orphaned tasks for active dag runs
2025-10-22 14:12:20,906 INFO - Adopting or resetting orphaned tasks for active dag runs
2025-10-22 14:17:20,947 INFO - Adopting or resetting orphaned tasks for active dag runs
2025-10-22 14:22:20,991 INFO - Adopting or resetting orphaned tasks for active dag runs
2025-10-22 14:27:21,033 INFO - Adopting or resetting orphaned tasks for active dag runs
2025-10-22 14:32:21,088 INFO - Adopting or resetting orphaned tasks for active dag runs
2025-10-22 14:37:21,125 INFO - Adopting or resetting orphaned tasks for active dag runs
2025-10-22 14:42:21,167 INFO - Adopting or resetting orphaned tasks for active dag runs
2025-10-22 14:47:21,205 INFO - Adopting or resetting orphaned tasks for active dag runs
2025-10-22 14:52:21,244 INFO - Adopting or resetting orphaned tasks for active dag runs
2025-10-22 14:57:21,276 INFO - Adopting or resetting orphaned tasks for active dag runs
2025-10-22 15:02:21,327 INFO - Adopting or resetting orphaned tasks for active dag runs
2025-10-22 15:07:21,367 INFO - Adopting or resetting orphaned tasks for active dag runs
2025-10-22 15:12:21,412 INFO - Adopting or resetting orphaned tasks for active dag runs
2025-10-22 15:17:21,453 INFO - Adopting or resetting orphaned tasks for active dag runs
2025-10-22 15:22:21,493 INFO - Adopting or resetting orphaned tasks for active dag runs
2025-10-22 15:27:21,535 INFO - Adopting or resetting orphaned tasks for active dag runs
2025-10-22 15:32:21,583 INFO - Adopting or resetting orphaned tasks for active dag runs
2025-10-22 15:37:21,629 INFO - Adopting or resetting orphaned tasks for active dag runs
2025-10-22 15:42:21,673 INFO - Adopting or resetting orphaned tasks for active dag runs
2025-10-22 15:47:21,719 INFO - Adopting or resetting orphaned tasks for active dag runs
2025-10-22 15:52:21,763 INFO - Adopting or resetting orphaned tasks for active dag runs
2025-10-22 15:57:21,804 INFO - Adopting or resetting orphaned tasks for active dag runs
2025-10-22 16:02:21,861 INFO - Adopting or resetting orphaned tasks for active dag runs
2025-10-22 16:07:21,896 INFO - Adopting or resetting orphaned tasks for active dag runs
2025-10-22 16:12:21,936 INFO - Adopting or resetting orphaned tasks for active dag runs
2025-10-22 16:17:21,970 INFO - Adopting or resetting orphaned tasks for active dag runs
2025-10-22 16:22:22,007 INFO - Adopting or resetting orphaned tasks for active dag runs
2025-10-22 16:27:22,042 INFO - Adopting or resetting orphaned tasks for active dag runs
2025-10-22 16:32:22,082 INFO - Adopting or resetting orphaned tasks for active dag runs
2025-10-22 16:37:22,127 INFO - Adopting or resetting orphaned tasks for active dag runs
2025-10-22 16:42:22,168 INFO - Adopting or resetting orphaned tasks for active dag runs
2025-10-22 16:47:22,225 INFO - Adopting or resetting orphaned tasks for active dag runs
2025-10-22 16:52:22,271 INFO - Adopting or resetting orphaned tasks for active dag runs
2025-10-22 16:57:22,320 INFO - Adopting or resetting orphaned tasks for active dag runs
2025-10-22 17:02:22,381 INFO - Adopting or resetting orphaned tasks for active dag runs
2025-10-22 17:07:22,428 INFO - Adopting or resetting orphaned tasks for active dag runs
2025-10-22 17:12:22,480 INFO - Adopting or resetting orphaned tasks for active dag runs
2025-10-22 17:17:22,532 INFO - Adopting or resetting orphaned tasks for active dag runs
2025-10-22 17:22:22,579 INFO - Adopting or resetting orphaned tasks for active dag runs
2025-10-22 17:27:22,623 INFO - Adopting or resetting orphaned tasks for active dag runs
2025-10-22 17:32:22,672 INFO - Adopting or resetting orphaned tasks for active dag runs
2025-10-22 17:37:22,720 INFO - Adopting or resetting orphaned tasks for active dag runs
2025-10-22 17:42:22,761 INFO - Adopting or resetting orphaned tasks for active dag runs
2025-10-22 17:47:22,804 INFO - Adopting or resetting orphaned tasks for active dag runs
2025-10-22 17:52:22,844 INFO - Adopting or resetting orphaned tasks for active dag runs
2025-10-22 17:57:22,886 INFO - Adopting or resetting orphaned tasks for active dag runs
2025-10-22 18:02:22,936 INFO - Adopting or resetting orphaned tasks for active dag runs
2025-10-22 18:07:22,973 INFO - Adopting or resetting orphaned tasks for active dag runs
2025-10-22 18:12:23,013 INFO - Adopting or resetting orphaned tasks for active dag runs
2025-10-22 18:17:23,066 INFO - Adopting or resetting orphaned tasks for active dag runs
2025-10-22 18:22:23,106 INFO - Adopting or resetting orphaned tasks for active dag runs
2025-10-22 18:27:23,147 INFO - Adopting or resetting orphaned tasks for active dag runs
2025-10-22 18:32:23,202 INFO - Adopting or resetting orphaned tasks for active dag runs
2025-10-22 18:37:23,240 INFO - Adopting or resetting orphaned tasks for active dag runs
2025-10-22 18:42:23,283 INFO - Adopting or resetting orphaned tasks for active dag runs
2025-10-22 18:47:23,328 INFO - Adopting or resetting orphaned tasks for active dag runs
2025-10-22 18:52:23,369 INFO - Adopting or resetting orphaned tasks for active dag runs
2025-10-22 18:57:23,411 INFO - Adopting or resetting orphaned tasks for active dag runs
2025-10-22 19:02:23,467 INFO - Adopting or resetting orphaned tasks for active dag runs
2025-10-22 19:07:23,511 INFO - Adopting or resetting orphaned tasks for active dag runs
2025-10-22 19:12:23,552 INFO - Adopting or resetting orphaned tasks for active dag runs
2025-10-22 19:17:23,592 INFO - Adopting or resetting orphaned tasks for active dag runs
2025-10-22 19:22:23,631 INFO - Adopting or resetting orphaned tasks for active dag runs
2025-10-22 19:27:23,647 INFO - Adopting or resetting orphaned tasks for active dag runs
2025-10-22 19:32:23,709 INFO - Adopting or resetting orphaned tasks for active dag runs
2025-10-22 19:37:23,743 INFO - Adopting or resetting orphaned tasks for active dag runs
2025-10-22 19:42:23,787 INFO - Adopting or resetting orphaned tasks for active dag runs
2025-10-22 19:47:23,834 INFO - Adopting or resetting orphaned tasks for active dag runs
2025-10-22 19:52:23,878 INFO - Adopting or resetting orphaned tasks for active dag runs
2025-10-22 19:57:23,934 INFO - Adopting or resetting orphaned tasks for active dag runs
2025-10-22 20:02:23,996 INFO - Adopting or resetting orphaned tasks for active dag runs
2025-10-22 20:07:24,043 INFO - Adopting or resetting orphaned tasks for active dag runs
2025-10-22 20:12:24,082 INFO - Adopting or resetting orphaned tasks for active dag runs
2025-10-22 20:17:24,125 INFO - Adopting or resetting orphaned tasks for active dag runs
2025-10-22 20:22:24,171 INFO - Adopting or resetting orphaned tasks for active dag runs
2025-10-22 20:27:24,224 INFO - Adopting or resetting orphaned tasks for active dag runs
2025-10-22 20:32:24,258 INFO - Adopting or resetting orphaned tasks for active dag runs
2025-10-22 20:37:24,301 INFO - Adopting or resetting orphaned tasks for active dag runs
2025-10-22 20:42:24,354 INFO - Adopting or resetting orphaned tasks for active dag runs
2025-10-22 20:47:24,403 INFO - Adopting or resetting orphaned tasks for active dag runs
2025-10-22 20:52:24,447 INFO - Adopting or resetting orphaned tasks for active dag runs
2025-10-22 20:57:24,497 INFO - Adopting or resetting orphaned tasks for active dag runs
2025-10-22 21:02:24,553 INFO - Adopting or resetting orphaned tasks for active dag runs
2025-10-22 21:07:24,583 INFO - Adopting or resetting orphaned tasks for active dag runs
2025-10-22 21:12:24,629 INFO - Adopting or resetting orphaned tasks for active dag runs
2025-10-22 21:17:24,667 INFO - Adopting or resetting orphaned tasks for active dag runs
2025-10-22 21:22:24,710 INFO - Adopting or resetting orphaned tasks for active dag runs
2025-10-22 21:27:24,751 INFO - Adopting or resetting orphaned tasks for active dag runs
2025-10-22 21:32:24,802 INFO - Adopting or resetting orphaned tasks for active dag runs
