[2025-10-22T14:02:20.756+0000] {executor_loader.py:254} INFO - Loaded executor: CeleryExecutor
[2025-10-22T14:02:20.788+0000] {scheduler_job_runner.py:935} INFO - Starting the scheduler
[2025-10-22T14:02:20.788+0000] {scheduler_job_runner.py:942} INFO - Processing each file at most -1 times
[2025-10-22T14:02:20.793+0000] {manager.py:174} INFO - Launched DagFileProcessorManager with pid: 14217
[2025-10-22T14:02:20.795+0000] {scheduler_job_runner.py:1847} INFO - Adopting or resetting orphaned tasks for active dag runs
[2025-10-22T14:02:20.799+0000] {settings.py:63} INFO - Configured default timezone UTC
[2025-10-22T14:07:20.863+0000] {scheduler_job_runner.py:1847} INFO - Adopting or resetting orphaned tasks for active dag runs
[2025-10-22T14:12:20.906+0000] {scheduler_job_runner.py:1847} INFO - Adopting or resetting orphaned tasks for active dag runs
[2025-10-22T14:17:20.947+0000] {scheduler_job_runner.py:1847} INFO - Adopting or resetting orphaned tasks for active dag runs
[2025-10-22T14:22:20.991+0000] {scheduler_job_runner.py:1847} INFO - Adopting or resetting orphaned tasks for active dag runs
[2025-10-22T14:27:21.033+0000] {scheduler_job_runner.py:1847} INFO - Adopting or resetting orphaned tasks for active dag runs
[2025-10-22T14:32:21.088+0000] {scheduler_job_runner.py:1847} INFO - Adopting or resetting orphaned tasks for active dag runs
[2025-10-22T14:37:21.125+0000] {scheduler_job_runner.py:1847} INFO - Adopting or resetting orphaned tasks for active dag runs
[2025-10-22T14:42:21.167+0000] {scheduler_job_runner.py:1847} INFO - Adopting or resetting orphaned tasks for active dag runs
[2025-10-22T14:47:21.205+0000] {scheduler_job_runner.py:1847} INFO - Adopting or resetting orphaned tasks for active dag runs
[2025-10-22T14:52:21.244+0000] {scheduler_job_runner.py:1847} INFO - Adopting or resetting orphaned tasks for active dag runs
[2025-10-22T14:57:21.276+0000] {scheduler_job_runner.py:1847} INFO - Adopting or resetting orphaned tasks for active dag runs
[2025-10-22T15:02:21.327+0000] {scheduler_job_runner.py:1847} INFO - Adopting or resetting orphaned tasks for active dag runs
[2025-10-22T15:07:21.367+0000] {scheduler_job_runner.py:1847} INFO - Adopting or resetting orphaned tasks for active dag runs
[2025-10-22T15:12:21.412+0000] {scheduler_job_runner.py:1847} INFO - Adopting or resetting orphaned tasks for active dag runs
[2025-10-22T15:17:21.453+0000] {scheduler_job_runner.py:1847} INFO - Adopting or resetting orphaned tasks for active dag runs
[2025-10-22T15:22:21.493+0000] {scheduler_job_runner.py:1847} INFO - Adopting or resetting orphaned tasks for active dag runs
[2025-10-22T15:27:21.535+0000] {scheduler_job_runner.py:1847} INFO - Adopting or resetting orphaned tasks for active dag runs
[2025-10-22T15:32:21.583+0000] {scheduler_job_runner.py:1847} INFO - Adopting or resetting orphaned tasks for active dag runs
[2025-10-22T15:37:21.629+0000] {scheduler_job_runner.py:1847} INFO - Adopting or resetting orphaned tasks for active dag runs
[2025-10-22T15:42:21.673+0000] {scheduler_job_runner.py:1847} INFO - Adopting or resetting orphaned tasks for active dag runs
[2025-10-22T15:47:21.719+0000] {scheduler_job_runner.py:1847} INFO - Adopting or resetting orphaned tasks for active dag runs
[2025-10-22T15:52:21.763+0000] {scheduler_job_runner.py:1847} INFO - Adopting or resetting orphaned tasks for active dag runs
[2025-10-22T15:57:21.804+0000] {scheduler_job_runner.py:1847} INFO - Adopting or resetting orphaned tasks for active dag runs
[2025-10-22T16:02:21.861+0000] {scheduler_job_runner.py:1847} INFO - Adopting or resetting orphaned tasks for active dag runs
[2025-10-22T16:07:21.896+0000] {scheduler_job_runner.py:1847} INFO - Adopting or resetting orphaned tasks for active dag runs
[2025-10-22T16:12:21.936+0000] {scheduler_job_runner.py:1847} INFO - Adopting or resetting orphaned tasks for active dag runs
[2025-10-22T16:17:21.970+0000] {scheduler_job_runner.py:1847} INFO - Adopting or resetting orphaned tasks for active dag runs
[2025-10-22T16:22:22.007+0000] {scheduler_job_runner.py:1847} INFO - Adopting or resetting orphaned tasks for active dag runs
[2025-10-22T16:27:22.042+0000] {scheduler_job_runner.py:1847} INFO - Adopting or resetting orphaned tasks for active dag runs
[2025-10-22T16:32:22.082+0000] {scheduler_job_runner.py:1847} INFO - Adopting or resetting orphaned tasks for active dag runs
[2025-10-22T16:37:22.127+0000] {scheduler_job_runner.py:1847} INFO - Adopting or resetting orphaned tasks for active dag runs
[2025-10-22T16:42:22.168+0000] {scheduler_job_runner.py:1847} INFO - Adopting or resetting orphaned tasks for active dag runs
[2025-10-22T16:47:22.225+0000] {scheduler_job_runner.py:1847} INFO - Adopting or resetting orphaned tasks for active dag runs
[2025-10-22T16:52:22.271+0000] {scheduler_job_runner.py:1847} INFO - Adopting or resetting orphaned tasks for active dag runs
[2025-10-22T16:57:22.320+0000] {scheduler_job_runner.py:1847} INFO - Adopting or resetting orphaned tasks for active dag runs
[2025-10-22T17:02:22.381+0000] {scheduler_job_runner.py:1847} INFO - Adopting or resetting orphaned tasks for active dag runs
[2025-10-22T17:07:22.428+0000] {scheduler_job_runner.py:1847} INFO - Adopting or resetting orphaned tasks for active dag runs
[2025-10-22T17:12:22.480+0000] {scheduler_job_runner.py:1847} INFO - Adopting or resetting orphaned tasks for active dag runs
[2025-10-22T17:17:22.532+0000] {scheduler_job_runner.py:1847} INFO - Adopting or resetting orphaned tasks for active dag runs
[2025-10-22T17:22:22.579+0000] {scheduler_job_runner.py:1847} INFO - Adopting or resetting orphaned tasks for active dag runs
[2025-10-22T17:27:22.623+0000] {scheduler_job_runner.py:1847} INFO - Adopting or resetting orphaned tasks for active dag runs
[2025-10-22T17:32:22.672+0000] {scheduler_job_runner.py:1847} INFO - Adopting or resetting orphaned tasks for active dag runs
[2025-10-22T17:37:22.720+0000] {scheduler_job_runner.py:1847} INFO - Adopting or resetting orphaned tasks for active dag runs
[2025-10-22T17:42:22.761+0000] {scheduler_job_runner.py:1847} INFO - Adopting or resetting orphaned tasks for active dag runs
[2025-10-22T17:47:22.804+0000] {scheduler_job_runner.py:1847} INFO - Adopting or resetting orphaned tasks for active dag runs
[2025-10-22T17:52:22.844+0000] {scheduler_job_runner.py:1847} INFO - Adopting or resetting orphaned tasks for active dag runs
[2025-10-22T17:57:22.886+0000] {scheduler_job_runner.py:1847} INFO - Adopting or resetting orphaned tasks for active dag runs
[2025-10-22T18:02:22.936+0000] {scheduler_job_runner.py:1847} INFO - Adopting or resetting orphaned tasks for active dag runs
[2025-10-22T18:07:22.973+0000] {scheduler_job_runner.py:1847} INFO - Adopting or resetting orphaned tasks for active dag runs
[2025-10-22T18:12:23.013+0000] {scheduler_job_runner.py:1847} INFO - Adopting or resetting orphaned tasks for active dag runs
[2025-10-22T18:17:23.066+0000] {scheduler_job_runner.py:1847} INFO - Adopting or resetting orphaned tasks for active dag runs
[2025-10-22T18:22:23.106+0000] {scheduler_job_runner.py:1847} INFO - Adopting or resetting orphaned tasks for active dag runs
[2025-10-22T18:27:23.147+0000] {scheduler_job_runner.py:1847} INFO - Adopting or resetting orphaned tasks for active dag runs
[2025-10-22T18:32:23.202+0000] {scheduler_job_runner.py:1847} INFO - Adopting or resetting orphaned tasks for active dag runs
[2025-10-22T18:37:23.240+0000] {scheduler_job_runner.py:1847} INFO - Adopting or resetting orphaned tasks for active dag runs
[2025-10-22T18:42:23.283+0000] {scheduler_job_runner.py:1847} INFO - Adopting or resetting orphaned tasks for active dag runs
[2025-10-22T18:47:23.328+0000] {scheduler_job_runner.py:1847} INFO - Adopting or resetting orphaned tasks for active dag runs
[2025-10-22T18:52:23.369+0000] {scheduler_job_runner.py:1847} INFO - Adopting or resetting orphaned tasks for active dag runs
[2025-10-22T18:57:23.411+0000] {scheduler_job_runner.py:1847} INFO - Adopting or resetting orphaned tasks for active dag runs
[2025-10-22T19:02:23.467+0000] {scheduler_job_runner.py:1847} INFO - Adopting or resetting orphaned tasks for active dag runs
[2025-10-22T19:07:23.511+0000] {scheduler_job_runner.py:1847} INFO - Adopting or resetting orphaned tasks for active dag runs
[2025-10-22T19:12:23.552+0000] {scheduler_job_runner.py:1847} INFO - Adopting or resetting orphaned tasks for active dag runs
[2025-10-22T19:17:23.592+0000] {scheduler_job_runner.py:1847} INFO - Adopting or resetting orphaned tasks for active dag runs
[2025-10-22T19:22:23.631+0000] {scheduler_job_runner.py:1847} INFO - Adopting or resetting orphaned tasks for active dag runs
[2025-10-22T19:27:23.647+0000] {scheduler_job_runner.py:1847} INFO - Adopting or resetting orphaned tasks for active dag runs
[2025-10-22T19:32:23.709+0000] {scheduler_job_runner.py:1847} INFO - Adopting or resetting orphaned tasks for active dag runs
[2025-10-22T19:37:23.743+0000] {scheduler_job_runner.py:1847} INFO - Adopting or resetting orphaned tasks for active dag runs
[2025-10-22T19:42:23.787+0000] {scheduler_job_runner.py:1847} INFO - Adopting or resetting orphaned tasks for active dag runs
[2025-10-22T19:47:23.834+0000] {scheduler_job_runner.py:1847} INFO - Adopting or resetting orphaned tasks for active dag runs
[2025-10-22T19:52:23.878+0000] {scheduler_job_runner.py:1847} INFO - Adopting or resetting orphaned tasks for active dag runs
[2025-10-22T19:57:23.934+0000] {scheduler_job_runner.py:1847} INFO - Adopting or resetting orphaned tasks for active dag runs
[2025-10-22T20:02:23.996+0000] {scheduler_job_runner.py:1847} INFO - Adopting or resetting orphaned tasks for active dag runs
[2025-10-22T20:07:24.043+0000] {scheduler_job_runner.py:1847} INFO - Adopting or resetting orphaned tasks for active dag runs
[2025-10-22T20:12:24.082+0000] {scheduler_job_runner.py:1847} INFO - Adopting or resetting orphaned tasks for active dag runs
[2025-10-22T20:17:24.125+0000] {scheduler_job_runner.py:1847} INFO - Adopting or resetting orphaned tasks for active dag runs
[2025-10-22T20:22:24.171+0000] {scheduler_job_runner.py:1847} INFO - Adopting or resetting orphaned tasks for active dag runs
[2025-10-22T20:27:24.224+0000] {scheduler_job_runner.py:1847} INFO - Adopting or resetting orphaned tasks for active dag runs
[2025-10-22T20:32:24.258+0000] {scheduler_job_runner.py:1847} INFO - Adopting or resetting orphaned tasks for active dag runs
[2025-10-22T20:37:24.301+0000] {scheduler_job_runner.py:1847} INFO - Adopting or resetting orphaned tasks for active dag runs
[2025-10-22T20:42:24.354+0000] {scheduler_job_runner.py:1847} INFO - Adopting or resetting orphaned tasks for active dag runs
[2025-10-22T20:47:24.403+0000] {scheduler_job_runner.py:1847} INFO - Adopting or resetting orphaned tasks for active dag runs
[2025-10-22T20:52:24.447+0000] {scheduler_job_runner.py:1847} INFO - Adopting or resetting orphaned tasks for active dag runs
[2025-10-22T20:57:24.497+0000] {scheduler_job_runner.py:1847} INFO - Adopting or resetting orphaned tasks for active dag runs
[2025-10-22T21:02:24.553+0000] {scheduler_job_runner.py:1847} INFO - Adopting or resetting orphaned tasks for active dag runs
[2025-10-22T21:07:24.583+0000] {scheduler_job_runner.py:1847} INFO - Adopting or resetting orphaned tasks for active dag runs
[2025-10-22T21:12:24.629+0000] {scheduler_job_runner.py:1847} INFO - Adopting or resetting orphaned tasks for active dag runs
[2025-10-22T21:17:24.667+0000] {scheduler_job_runner.py:1847} INFO - Adopting or resetting orphaned tasks for active dag runs
[2025-10-22T21:22:24.710+0000] {scheduler_job_runner.py:1847} INFO - Adopting or resetting orphaned tasks for active dag runs
[2025-10-22T21:27:24.751+0000] {scheduler_job_runner.py:1847} INFO - Adopting or resetting orphaned tasks for active dag runs
[2025-10-22T21:32:24.802+0000] {scheduler_job_runner.py:1847} INFO - Adopting or resetting orphaned tasks for active dag runs
[2025-10-22T21:37:24.847+0000] {scheduler_job_runner.py:1847} INFO - Adopting or resetting orphaned tasks for active dag runs
[2025-10-22T21:42:24.886+0000] {scheduler_job_runner.py:1847} INFO - Adopting or resetting orphaned tasks for active dag runs
[2025-10-22T21:47:24.930+0000] {scheduler_job_runner.py:1847} INFO - Adopting or resetting orphaned tasks for active dag runs
[2025-10-22T21:52:24.971+0000] {scheduler_job_runner.py:1847} INFO - Adopting or resetting orphaned tasks for active dag runs
[2025-10-22T21:57:25.008+0000] {scheduler_job_runner.py:1847} INFO - Adopting or resetting orphaned tasks for active dag runs
[2025-10-22T22:02:25.059+0000] {scheduler_job_runner.py:1847} INFO - Adopting or resetting orphaned tasks for active dag runs
[2025-10-22T22:07:25.092+0000] {scheduler_job_runner.py:1847} INFO - Adopting or resetting orphaned tasks for active dag runs
[2025-10-22T22:12:25.130+0000] {scheduler_job_runner.py:1847} INFO - Adopting or resetting orphaned tasks for active dag runs
[2025-10-22T22:17:25.164+0000] {scheduler_job_runner.py:1847} INFO - Adopting or resetting orphaned tasks for active dag runs
[2025-10-22T22:22:25.196+0000] {scheduler_job_runner.py:1847} INFO - Adopting or resetting orphaned tasks for active dag runs
[2025-10-22T22:27:25.231+0000] {scheduler_job_runner.py:1847} INFO - Adopting or resetting orphaned tasks for active dag runs
[2025-10-22T22:32:25.281+0000] {scheduler_job_runner.py:1847} INFO - Adopting or resetting orphaned tasks for active dag runs
[2025-10-22T22:37:25.316+0000] {scheduler_job_runner.py:1847} INFO - Adopting or resetting orphaned tasks for active dag runs
[2025-10-22T22:42:25.348+0000] {scheduler_job_runner.py:1847} INFO - Adopting or resetting orphaned tasks for active dag runs
[2025-10-22T22:47:25.381+0000] {scheduler_job_runner.py:1847} INFO - Adopting or resetting orphaned tasks for active dag runs
[2025-10-22T22:52:25.415+0000] {scheduler_job_runner.py:1847} INFO - Adopting or resetting orphaned tasks for active dag runs
[2025-10-22T22:57:25.451+0000] {scheduler_job_runner.py:1847} INFO - Adopting or resetting orphaned tasks for active dag runs
[2025-10-22T23:02:25.508+0000] {scheduler_job_runner.py:1847} INFO - Adopting or resetting orphaned tasks for active dag runs
[2025-10-22T23:07:25.544+0000] {scheduler_job_runner.py:1847} INFO - Adopting or resetting orphaned tasks for active dag runs
[2025-10-22T23:12:25.582+0000] {scheduler_job_runner.py:1847} INFO - Adopting or resetting orphaned tasks for active dag runs
[2025-10-22T23:17:25.629+0000] {scheduler_job_runner.py:1847} INFO - Adopting or resetting orphaned tasks for active dag runs
[2025-10-22T23:22:25.663+0000] {scheduler_job_runner.py:1847} INFO - Adopting or resetting orphaned tasks for active dag runs
[2025-10-22T23:27:25.699+0000] {scheduler_job_runner.py:1847} INFO - Adopting or resetting orphaned tasks for active dag runs
[2025-10-22T23:32:25.751+0000] {scheduler_job_runner.py:1847} INFO - Adopting or resetting orphaned tasks for active dag runs
[2025-10-22T23:37:25.786+0000] {scheduler_job_runner.py:1847} INFO - Adopting or resetting orphaned tasks for active dag runs
[2025-10-22T23:42:25.818+0000] {scheduler_job_runner.py:1847} INFO - Adopting or resetting orphaned tasks for active dag runs
[2025-10-22T23:47:25.850+0000] {scheduler_job_runner.py:1847} INFO - Adopting or resetting orphaned tasks for active dag runs
[2025-10-22T23:52:25.884+0000] {scheduler_job_runner.py:1847} INFO - Adopting or resetting orphaned tasks for active dag runs
[2025-10-22T23:57:25.928+0000] {scheduler_job_runner.py:1847} INFO - Adopting or resetting orphaned tasks for active dag runs
[2025-10-23T00:02:25.990+0000] {scheduler_job_runner.py:1847} INFO - Adopting or resetting orphaned tasks for active dag runs
[2025-10-23T00:07:26.040+0000] {scheduler_job_runner.py:1847} INFO - Adopting or resetting orphaned tasks for active dag runs
[2025-10-23T00:12:26.097+0000] {scheduler_job_runner.py:1847} INFO - Adopting or resetting orphaned tasks for active dag runs
[2025-10-23T00:17:26.147+0000] {scheduler_job_runner.py:1847} INFO - Adopting or resetting orphaned tasks for active dag runs
[2025-10-23T00:22:26.197+0000] {scheduler_job_runner.py:1847} INFO - Adopting or resetting orphaned tasks for active dag runs
[2025-10-23T00:27:26.234+0000] {scheduler_job_runner.py:1847} INFO - Adopting or resetting orphaned tasks for active dag runs
[2025-10-23T00:32:26.295+0000] {scheduler_job_runner.py:1847} INFO - Adopting or resetting orphaned tasks for active dag runs
[2025-10-23T00:37:26.331+0000] {scheduler_job_runner.py:1847} INFO - Adopting or resetting orphaned tasks for active dag runs
[2025-10-23T00:42:26.371+0000] {scheduler_job_runner.py:1847} INFO - Adopting or resetting orphaned tasks for active dag runs
[2025-10-23T00:47:26.406+0000] {scheduler_job_runner.py:1847} INFO - Adopting or resetting orphaned tasks for active dag runs
[2025-10-23T00:52:26.441+0000] {scheduler_job_runner.py:1847} INFO - Adopting or resetting orphaned tasks for active dag runs
[2025-10-23T00:57:26.476+0000] {scheduler_job_runner.py:1847} INFO - Adopting or resetting orphaned tasks for active dag runs
[2025-10-23T01:02:26.535+0000] {scheduler_job_runner.py:1847} INFO - Adopting or resetting orphaned tasks for active dag runs
[2025-10-23T01:07:26.569+0000] {scheduler_job_runner.py:1847} INFO - Adopting or resetting orphaned tasks for active dag runs
[2025-10-23T01:12:26.611+0000] {scheduler_job_runner.py:1847} INFO - Adopting or resetting orphaned tasks for active dag runs
[2025-10-23T01:17:26.649+0000] {scheduler_job_runner.py:1847} INFO - Adopting or resetting orphaned tasks for active dag runs
[2025-10-23T01:22:26.702+0000] {scheduler_job_runner.py:1847} INFO - Adopting or resetting orphaned tasks for active dag runs
[2025-10-23T01:27:26.756+0000] {scheduler_job_runner.py:1847} INFO - Adopting or resetting orphaned tasks for active dag runs
[2025-10-23T01:32:26.791+0000] {scheduler_job_runner.py:1847} INFO - Adopting or resetting orphaned tasks for active dag runs
[2025-10-23T01:37:26.828+0000] {scheduler_job_runner.py:1847} INFO - Adopting or resetting orphaned tasks for active dag runs
[2025-10-23T01:42:26.861+0000] {scheduler_job_runner.py:1847} INFO - Adopting or resetting orphaned tasks for active dag runs
[2025-10-23T01:47:26.899+0000] {scheduler_job_runner.py:1847} INFO - Adopting or resetting orphaned tasks for active dag runs
[2025-10-23T01:52:26.937+0000] {scheduler_job_runner.py:1847} INFO - Adopting or resetting orphaned tasks for active dag runs
[2025-10-23T01:57:26.975+0000] {scheduler_job_runner.py:1847} INFO - Adopting or resetting orphaned tasks for active dag runs
[2025-10-23T02:02:27.037+0000] {scheduler_job_runner.py:1847} INFO - Adopting or resetting orphaned tasks for active dag runs
[2025-10-23T02:07:27.074+0000] {scheduler_job_runner.py:1847} INFO - Adopting or resetting orphaned tasks for active dag runs
[2025-10-23T02:12:27.111+0000] {scheduler_job_runner.py:1847} INFO - Adopting or resetting orphaned tasks for active dag runs
[2025-10-23T02:17:27.152+0000] {scheduler_job_runner.py:1847} INFO - Adopting or resetting orphaned tasks for active dag runs
[2025-10-23T02:22:27.200+0000] {scheduler_job_runner.py:1847} INFO - Adopting or resetting orphaned tasks for active dag runs
[2025-10-23T02:27:27.246+0000] {scheduler_job_runner.py:1847} INFO - Adopting or resetting orphaned tasks for active dag runs
[2025-10-23T02:32:27.296+0000] {scheduler_job_runner.py:1847} INFO - Adopting or resetting orphaned tasks for active dag runs
[2025-10-23T02:37:27.338+0000] {scheduler_job_runner.py:1847} INFO - Adopting or resetting orphaned tasks for active dag runs
[2025-10-23T02:42:27.379+0000] {scheduler_job_runner.py:1847} INFO - Adopting or resetting orphaned tasks for active dag runs
[2025-10-23T02:47:27.436+0000] {scheduler_job_runner.py:1847} INFO - Adopting or resetting orphaned tasks for active dag runs
[2025-10-23T02:52:27.479+0000] {scheduler_job_runner.py:1847} INFO - Adopting or resetting orphaned tasks for active dag runs
[2025-10-23T02:57:27.522+0000] {scheduler_job_runner.py:1847} INFO - Adopting or resetting orphaned tasks for active dag runs
[2025-10-23T03:02:27.569+0000] {scheduler_job_runner.py:1847} INFO - Adopting or resetting orphaned tasks for active dag runs
[2025-10-23T03:07:27.609+0000] {scheduler_job_runner.py:1847} INFO - Adopting or resetting orphaned tasks for active dag runs
[2025-10-23T03:12:27.646+0000] {scheduler_job_runner.py:1847} INFO - Adopting or resetting orphaned tasks for active dag runs
[2025-10-23T03:17:27.686+0000] {scheduler_job_runner.py:1847} INFO - Adopting or resetting orphaned tasks for active dag runs
[2025-10-23T03:22:27.736+0000] {scheduler_job_runner.py:1847} INFO - Adopting or resetting orphaned tasks for active dag runs
[2025-10-23T03:27:27.778+0000] {scheduler_job_runner.py:1847} INFO - Adopting or resetting orphaned tasks for active dag runs
[2025-10-23T03:32:27.831+0000] {scheduler_job_runner.py:1847} INFO - Adopting or resetting orphaned tasks for active dag runs
[2025-10-23T03:37:27.870+0000] {scheduler_job_runner.py:1847} INFO - Adopting or resetting orphaned tasks for active dag runs
[2025-10-23T03:42:27.910+0000] {scheduler_job_runner.py:1847} INFO - Adopting or resetting orphaned tasks for active dag runs
[2025-10-23T03:47:27.949+0000] {scheduler_job_runner.py:1847} INFO - Adopting or resetting orphaned tasks for active dag runs
[2025-10-23T03:52:27.989+0000] {scheduler_job_runner.py:1847} INFO - Adopting or resetting orphaned tasks for active dag runs
[2025-10-23T03:57:28.006+0000] {scheduler_job_runner.py:1847} INFO - Adopting or resetting orphaned tasks for active dag runs
[2025-10-23T04:02:28.042+0000] {scheduler_job_runner.py:1847} INFO - Adopting or resetting orphaned tasks for active dag runs
[2025-10-23T04:07:28.074+0000] {scheduler_job_runner.py:1847} INFO - Adopting or resetting orphaned tasks for active dag runs
[2025-10-23T04:12:28.119+0000] {scheduler_job_runner.py:1847} INFO - Adopting or resetting orphaned tasks for active dag runs
[2025-10-23T04:17:28.161+0000] {scheduler_job_runner.py:1847} INFO - Adopting or resetting orphaned tasks for active dag runs
[2025-10-23T04:22:28.205+0000] {scheduler_job_runner.py:1847} INFO - Adopting or resetting orphaned tasks for active dag runs
[2025-10-23T04:27:28.246+0000] {scheduler_job_runner.py:1847} INFO - Adopting or resetting orphaned tasks for active dag runs
[2025-10-23T04:32:28.282+0000] {scheduler_job_runner.py:1847} INFO - Adopting or resetting orphaned tasks for active dag runs
[2025-10-23T04:37:28.315+0000] {scheduler_job_runner.py:1847} INFO - Adopting or resetting orphaned tasks for active dag runs
[2025-10-23T04:42:28.352+0000] {scheduler_job_runner.py:1847} INFO - Adopting or resetting orphaned tasks for active dag runs
[2025-10-23T04:47:28.394+0000] {scheduler_job_runner.py:1847} INFO - Adopting or resetting orphaned tasks for active dag runs
[2025-10-23T04:52:28.436+0000] {scheduler_job_runner.py:1847} INFO - Adopting or resetting orphaned tasks for active dag runs
[2025-10-23T04:57:28.474+0000] {scheduler_job_runner.py:1847} INFO - Adopting or resetting orphaned tasks for active dag runs
[2025-10-23T05:02:28.515+0000] {scheduler_job_runner.py:1847} INFO - Adopting or resetting orphaned tasks for active dag runs
[2025-10-23T05:07:28.549+0000] {scheduler_job_runner.py:1847} INFO - Adopting or resetting orphaned tasks for active dag runs
[2025-10-23T05:12:28.582+0000] {scheduler_job_runner.py:1847} INFO - Adopting or resetting orphaned tasks for active dag runs
[2025-10-23T05:17:28.617+0000] {scheduler_job_runner.py:1847} INFO - Adopting or resetting orphaned tasks for active dag runs
[2025-10-23T05:22:28.652+0000] {scheduler_job_runner.py:1847} INFO - Adopting or resetting orphaned tasks for active dag runs
[2025-10-23T05:27:28.683+0000] {scheduler_job_runner.py:1847} INFO - Adopting or resetting orphaned tasks for active dag runs
[2025-10-23T05:32:28.748+0000] {scheduler_job_runner.py:1847} INFO - Adopting or resetting orphaned tasks for active dag runs
[2025-10-23T05:37:28.785+0000] {scheduler_job_runner.py:1847} INFO - Adopting or resetting orphaned tasks for active dag runs
[2025-10-23T05:40:31.966+0000] {scheduler_job_runner.py:423} INFO - 1 tasks up for execution:
	<TaskInstance: test_ondemand_worker.start_remote_worker manual__2025-10-23T05:40:31.792195+00:00 [scheduled]>
[2025-10-23T05:40:31.967+0000] {scheduler_job_runner.py:495} INFO - DAG test_ondemand_worker has 0/16 running and queued tasks
[2025-10-23T05:40:31.967+0000] {scheduler_job_runner.py:634} INFO - Setting the following tasks to queued state:
	<TaskInstance: test_ondemand_worker.start_remote_worker manual__2025-10-23T05:40:31.792195+00:00 [scheduled]>
[2025-10-23T05:40:31.970+0000] {scheduler_job_runner.py:736} INFO - Trying to enqueue tasks: [<TaskInstance: test_ondemand_worker.start_remote_worker manual__2025-10-23T05:40:31.792195+00:00 [scheduled]>] for executor: CeleryExecutor(parallelism=32)
[2025-10-23T05:40:31.971+0000] {scheduler_job_runner.py:680} INFO - Sending TaskInstanceKey(dag_id='test_ondemand_worker', task_id='start_remote_worker', run_id='manual__2025-10-23T05:40:31.792195+00:00', try_number=1, map_index=-1) to CeleryExecutor with priority 4 and queue default
[2025-10-23T05:40:31.971+0000] {base_executor.py:168} INFO - Adding to queue: ['airflow', 'tasks', 'run', 'test_ondemand_worker', 'start_remote_worker', 'manual__2025-10-23T05:40:31.792195+00:00', '--local', '--subdir', 'DAGS_FOLDER/test_ondemand_worker.py']
[2025-10-23T05:40:32.112+0000] {scheduler_job_runner.py:764} INFO - Received executor event with state queued for task instance TaskInstanceKey(dag_id='test_ondemand_worker', task_id='start_remote_worker', run_id='manual__2025-10-23T05:40:31.792195+00:00', try_number=1, map_index=-1)
[2025-10-23T05:40:32.122+0000] {scheduler_job_runner.py:791} INFO - Setting external_id for <TaskInstance: test_ondemand_worker.start_remote_worker manual__2025-10-23T05:40:31.792195+00:00 [queued]> to ce8a2be8-54aa-4243-a863-7e5569cf427e
[2025-10-23T05:42:28.860+0000] {scheduler_job_runner.py:1847} INFO - Adopting or resetting orphaned tasks for active dag runs
[2025-10-23T05:47:28.950+0000] {scheduler_job_runner.py:1847} INFO - Adopting or resetting orphaned tasks for active dag runs
[2025-10-23T05:50:38.979+0000] {scheduler_job_runner.py:1795} WARNING - Marking task instance <TaskInstance: test_ondemand_worker.start_remote_worker manual__2025-10-23T05:40:31.792195+00:00 [queued]> stuck in queued as failed. If the task instance has available retries, it will be retried.
[2025-10-23T05:50:40.031+0000] {scheduler_job_runner.py:764} INFO - Received executor event with state failed for task instance TaskInstanceKey(dag_id='test_ondemand_worker', task_id='start_remote_worker', run_id='manual__2025-10-23T05:40:31.792195+00:00', try_number=1, map_index=-1)
[2025-10-23T05:50:40.037+0000] {scheduler_job_runner.py:801} INFO - TaskInstance Finished: dag_id=test_ondemand_worker, task_id=start_remote_worker, run_id=manual__2025-10-23T05:40:31.792195+00:00, map_index=-1, run_start_date=None, run_end_date=None, run_duration=None, state=queued, executor=CeleryExecutor(parallelism=32), executor_state=failed, try_number=1, max_tries=0, job_id=None, pool=default_pool, queue=default, priority_weight=4, operator=RemoteWorkerStartOperator, queued_dttm=2025-10-23 05:40:31.968620+00:00, queued_by_job_id=1, pid=None
[2025-10-23T05:50:40.038+0000] {scheduler_job_runner.py:907} ERROR - Executor CeleryExecutor(parallelism=32) reported that the task instance <TaskInstance: test_ondemand_worker.start_remote_worker manual__2025-10-23T05:40:31.792195+00:00 [queued]> finished with state failed, but the task instance's state attribute is queued. Learn more: https://airflow.apache.org/docs/apache-airflow/stable/troubleshooting.html#task-state-changed-externally
[2025-10-23T05:50:40.044+0000] {taskinstance.py:3312} ERROR - Executor CeleryExecutor(parallelism=32) reported that the task instance <TaskInstance: test_ondemand_worker.start_remote_worker manual__2025-10-23T05:40:31.792195+00:00 [queued]> finished with state failed, but the task instance's state attribute is queued. Learn more: https://airflow.apache.org/docs/apache-airflow/stable/troubleshooting.html#task-state-changed-externally
[2025-10-23T05:50:40.055+0000] {taskinstance.py:1225} INFO - Marking task as FAILED. dag_id=test_ondemand_worker, task_id=start_remote_worker, run_id=manual__2025-10-23T05:40:31.792195+00:00, execution_date=20251023T054031, start_date=, end_date=20251023T055040
[2025-10-23T05:50:42.711+0000] {scheduler_job_runner.py:423} INFO - 1 tasks up for execution:
	<TaskInstance: test_ondemand_worker.stop_remote_worker manual__2025-10-23T05:40:31.792195+00:00 [scheduled]>
[2025-10-23T05:50:42.712+0000] {scheduler_job_runner.py:495} INFO - DAG test_ondemand_worker has 0/16 running and queued tasks
[2025-10-23T05:50:42.712+0000] {scheduler_job_runner.py:634} INFO - Setting the following tasks to queued state:
	<TaskInstance: test_ondemand_worker.stop_remote_worker manual__2025-10-23T05:40:31.792195+00:00 [scheduled]>
[2025-10-23T05:50:42.714+0000] {scheduler_job_runner.py:736} INFO - Trying to enqueue tasks: [<TaskInstance: test_ondemand_worker.stop_remote_worker manual__2025-10-23T05:40:31.792195+00:00 [scheduled]>] for executor: CeleryExecutor(parallelism=32)
[2025-10-23T05:50:42.716+0000] {scheduler_job_runner.py:680} INFO - Sending TaskInstanceKey(dag_id='test_ondemand_worker', task_id='stop_remote_worker', run_id='manual__2025-10-23T05:40:31.792195+00:00', try_number=1, map_index=-1) to CeleryExecutor with priority 1 and queue default
[2025-10-23T05:50:42.716+0000] {base_executor.py:168} INFO - Adding to queue: ['airflow', 'tasks', 'run', 'test_ondemand_worker', 'stop_remote_worker', 'manual__2025-10-23T05:40:31.792195+00:00', '--local', '--subdir', 'DAGS_FOLDER/test_ondemand_worker.py']
[2025-10-23T05:50:42.783+0000] {scheduler_job_runner.py:764} INFO - Received executor event with state queued for task instance TaskInstanceKey(dag_id='test_ondemand_worker', task_id='stop_remote_worker', run_id='manual__2025-10-23T05:40:31.792195+00:00', try_number=1, map_index=-1)
[2025-10-23T05:50:42.789+0000] {scheduler_job_runner.py:791} INFO - Setting external_id for <TaskInstance: test_ondemand_worker.stop_remote_worker manual__2025-10-23T05:40:31.792195+00:00 [queued]> to e8a5662a-c474-4099-858b-993867b94750
[2025-10-23T05:52:29.013+0000] {scheduler_job_runner.py:1847} INFO - Adopting or resetting orphaned tasks for active dag runs
[2025-10-23T05:57:29.079+0000] {scheduler_job_runner.py:1847} INFO - Adopting or resetting orphaned tasks for active dag runs
[2025-10-23T06:02:29.163+0000] {scheduler_job_runner.py:1847} INFO - Adopting or resetting orphaned tasks for active dag runs
[2025-10-23T06:02:39.404+0000] {scheduler_job_runner.py:1795} WARNING - Marking task instance <TaskInstance: test_ondemand_worker.stop_remote_worker manual__2025-10-23T05:40:31.792195+00:00 [queued]> stuck in queued as failed. If the task instance has available retries, it will be retried.
[2025-10-23T06:02:40.437+0000] {scheduler_job_runner.py:764} INFO - Received executor event with state failed for task instance TaskInstanceKey(dag_id='test_ondemand_worker', task_id='stop_remote_worker', run_id='manual__2025-10-23T05:40:31.792195+00:00', try_number=1, map_index=-1)
[2025-10-23T06:02:40.441+0000] {scheduler_job_runner.py:801} INFO - TaskInstance Finished: dag_id=test_ondemand_worker, task_id=stop_remote_worker, run_id=manual__2025-10-23T05:40:31.792195+00:00, map_index=-1, run_start_date=None, run_end_date=None, run_duration=None, state=queued, executor=CeleryExecutor(parallelism=32), executor_state=failed, try_number=1, max_tries=0, job_id=None, pool=default_pool, queue=default, priority_weight=1, operator=RemoteWorkerStopOperator, queued_dttm=2025-10-23 05:50:42.713114+00:00, queued_by_job_id=1, pid=None
[2025-10-23T06:02:40.442+0000] {scheduler_job_runner.py:907} ERROR - Executor CeleryExecutor(parallelism=32) reported that the task instance <TaskInstance: test_ondemand_worker.stop_remote_worker manual__2025-10-23T05:40:31.792195+00:00 [queued]> finished with state failed, but the task instance's state attribute is queued. Learn more: https://airflow.apache.org/docs/apache-airflow/stable/troubleshooting.html#task-state-changed-externally
[2025-10-23T06:02:40.446+0000] {taskinstance.py:3312} ERROR - Executor CeleryExecutor(parallelism=32) reported that the task instance <TaskInstance: test_ondemand_worker.stop_remote_worker manual__2025-10-23T05:40:31.792195+00:00 [queued]> finished with state failed, but the task instance's state attribute is queued. Learn more: https://airflow.apache.org/docs/apache-airflow/stable/troubleshooting.html#task-state-changed-externally
[2025-10-23T06:02:40.452+0000] {taskinstance.py:1225} INFO - Marking task as FAILED. dag_id=test_ondemand_worker, task_id=stop_remote_worker, run_id=manual__2025-10-23T05:40:31.792195+00:00, execution_date=20251023T054031, start_date=, end_date=20251023T060240
[2025-10-23T06:02:41.154+0000] {dagrun.py:823} ERROR - Marking run <DagRun test_ondemand_worker @ 2025-10-23 05:40:31.792195+00:00: manual__2025-10-23T05:40:31.792195+00:00, state:running, queued_at: 2025-10-23 05:40:31.829679+00:00. externally triggered: True> failed
[2025-10-23T06:02:41.155+0000] {dagrun.py:905} INFO - DagRun Finished: dag_id=test_ondemand_worker, execution_date=2025-10-23 05:40:31.792195+00:00, run_id=manual__2025-10-23T05:40:31.792195+00:00, run_start_date=2025-10-23 05:40:31.915413+00:00, run_end_date=2025-10-23 06:02:41.154937+00:00, run_duration=1329.239524, state=failed, external_trigger=True, run_type=manual, data_interval_start=2025-10-23 05:40:31.792195+00:00, data_interval_end=2025-10-23 05:40:31.792195+00:00, dag_hash=929e78c82e47dfdab76aa5816e4d7647
[2025-10-23T06:07:29.196+0000] {scheduler_job_runner.py:1847} INFO - Adopting or resetting orphaned tasks for active dag runs
[2025-10-23T06:12:29.236+0000] {scheduler_job_runner.py:1847} INFO - Adopting or resetting orphaned tasks for active dag runs
