[2025-10-25T07:17:11.211+0000] {processor.py:186} INFO - Started process (PID=134238) to work on /home/airflow/airflow/dags/worker_health_monitor.py
[2025-10-25T07:17:11.212+0000] {processor.py:914} INFO - Processing file /home/airflow/airflow/dags/worker_health_monitor.py for tasks to queue
[2025-10-25T07:17:11.213+0000] {logging_mixin.py:190} INFO - [2025-10-25T07:17:11.213+0000] {dagbag.py:588} INFO - Filling up the DagBag from /home/airflow/airflow/dags/worker_health_monitor.py
[2025-10-25T07:17:11.229+0000] {processor.py:925} INFO - DAG(s) 'worker_health_monitor' retrieved from /home/airflow/airflow/dags/worker_health_monitor.py
[2025-10-25T07:17:11.260+0000] {logging_mixin.py:190} INFO - [2025-10-25T07:17:11.259+0000] {dag.py:3239} INFO - Sync 1 DAGs
[2025-10-25T07:17:11.285+0000] {logging_mixin.py:190} INFO - [2025-10-25T07:17:11.284+0000] {dag.py:4180} INFO - Setting next_dagrun for worker_health_monitor to 2025-10-25 07:10:00+00:00, run_after=2025-10-25 07:15:00+00:00
[2025-10-25T07:17:11.309+0000] {processor.py:208} INFO - Processing /home/airflow/airflow/dags/worker_health_monitor.py took 0.103 seconds
[2025-10-25T07:17:41.478+0000] {processor.py:186} INFO - Started process (PID=134250) to work on /home/airflow/airflow/dags/worker_health_monitor.py
[2025-10-25T07:17:41.479+0000] {processor.py:914} INFO - Processing file /home/airflow/airflow/dags/worker_health_monitor.py for tasks to queue
[2025-10-25T07:17:41.480+0000] {logging_mixin.py:190} INFO - [2025-10-25T07:17:41.479+0000] {dagbag.py:588} INFO - Filling up the DagBag from /home/airflow/airflow/dags/worker_health_monitor.py
[2025-10-25T07:17:41.492+0000] {processor.py:925} INFO - DAG(s) 'worker_health_monitor' retrieved from /home/airflow/airflow/dags/worker_health_monitor.py
[2025-10-25T07:17:41.526+0000] {logging_mixin.py:190} INFO - [2025-10-25T07:17:41.526+0000] {dag.py:3239} INFO - Sync 1 DAGs
[2025-10-25T07:17:41.552+0000] {logging_mixin.py:190} INFO - [2025-10-25T07:17:41.552+0000] {dag.py:4180} INFO - Setting next_dagrun for worker_health_monitor to 2025-10-25 07:10:00+00:00, run_after=2025-10-25 07:15:00+00:00
[2025-10-25T07:17:41.572+0000] {processor.py:208} INFO - Processing /home/airflow/airflow/dags/worker_health_monitor.py took 0.103 seconds
[2025-10-25T07:18:11.738+0000] {processor.py:186} INFO - Started process (PID=134263) to work on /home/airflow/airflow/dags/worker_health_monitor.py
[2025-10-25T07:18:11.740+0000] {processor.py:914} INFO - Processing file /home/airflow/airflow/dags/worker_health_monitor.py for tasks to queue
[2025-10-25T07:18:11.741+0000] {logging_mixin.py:190} INFO - [2025-10-25T07:18:11.741+0000] {dagbag.py:588} INFO - Filling up the DagBag from /home/airflow/airflow/dags/worker_health_monitor.py
[2025-10-25T07:18:11.751+0000] {processor.py:925} INFO - DAG(s) 'worker_health_monitor' retrieved from /home/airflow/airflow/dags/worker_health_monitor.py
[2025-10-25T07:18:11.782+0000] {logging_mixin.py:190} INFO - [2025-10-25T07:18:11.782+0000] {dag.py:3239} INFO - Sync 1 DAGs
[2025-10-25T07:18:11.812+0000] {logging_mixin.py:190} INFO - [2025-10-25T07:18:11.811+0000] {dag.py:4180} INFO - Setting next_dagrun for worker_health_monitor to 2025-10-25 07:10:00+00:00, run_after=2025-10-25 07:15:00+00:00
[2025-10-25T07:18:11.831+0000] {processor.py:208} INFO - Processing /home/airflow/airflow/dags/worker_health_monitor.py took 0.102 seconds
