[2025-10-22T14:02:20.831+0000] {manager.py:483} INFO - Processing files using up to 2 processes at a time 
[2025-10-22T14:02:20.831+0000] {manager.py:484} INFO - Process each file at most once every 30 seconds
[2025-10-22T14:02:20.831+0000] {manager.py:485} INFO - Checking for new files in /home/airflow/airflow/dags every 300 seconds
[2025-10-22T14:02:20.831+0000] {manager.py:821} INFO - Searching for files in /home/airflow/airflow/dags
[2025-10-22T14:02:20.832+0000] {manager.py:824} INFO - There are 0 files in /home/airflow/airflow/dags
[2025-10-22T14:07:21.421+0000] {manager.py:821} INFO - Searching for files in /home/airflow/airflow/dags
[2025-10-22T14:07:21.422+0000] {manager.py:824} INFO - There are 0 files in /home/airflow/airflow/dags
[2025-10-22T14:12:22.093+0000] {manager.py:821} INFO - Searching for files in /home/airflow/airflow/dags
[2025-10-22T14:12:22.094+0000] {manager.py:824} INFO - There are 0 files in /home/airflow/airflow/dags
[2025-10-22T14:17:22.645+0000] {manager.py:821} INFO - Searching for files in /home/airflow/airflow/dags
[2025-10-22T14:17:22.646+0000] {manager.py:824} INFO - There are 0 files in /home/airflow/airflow/dags
[2025-10-22T14:22:23.230+0000] {manager.py:821} INFO - Searching for files in /home/airflow/airflow/dags
[2025-10-22T14:22:23.230+0000] {manager.py:824} INFO - There are 0 files in /home/airflow/airflow/dags
[2025-10-22T14:27:23.818+0000] {manager.py:821} INFO - Searching for files in /home/airflow/airflow/dags
[2025-10-22T14:27:23.819+0000] {manager.py:824} INFO - There are 0 files in /home/airflow/airflow/dags
[2025-10-22T14:32:24.417+0000] {manager.py:821} INFO - Searching for files in /home/airflow/airflow/dags
[2025-10-22T14:32:24.418+0000] {manager.py:824} INFO - There are 0 files in /home/airflow/airflow/dags
[2025-10-22T14:37:24.952+0000] {manager.py:821} INFO - Searching for files in /home/airflow/airflow/dags
[2025-10-22T14:37:24.953+0000] {manager.py:824} INFO - There are 0 files in /home/airflow/airflow/dags
[2025-10-22T14:42:25.516+0000] {manager.py:821} INFO - Searching for files in /home/airflow/airflow/dags
[2025-10-22T14:42:25.517+0000] {manager.py:824} INFO - There are 0 files in /home/airflow/airflow/dags
[2025-10-22T14:47:26.108+0000] {manager.py:821} INFO - Searching for files in /home/airflow/airflow/dags
[2025-10-22T14:47:26.109+0000] {manager.py:824} INFO - There are 0 files in /home/airflow/airflow/dags
[2025-10-22T14:52:26.683+0000] {manager.py:821} INFO - Searching for files in /home/airflow/airflow/dags
[2025-10-22T14:52:26.683+0000] {manager.py:824} INFO - There are 0 files in /home/airflow/airflow/dags
[2025-10-22T14:57:27.184+0000] {manager.py:821} INFO - Searching for files in /home/airflow/airflow/dags
[2025-10-22T14:57:27.185+0000] {manager.py:824} INFO - There are 0 files in /home/airflow/airflow/dags
[2025-10-22T15:02:27.739+0000] {manager.py:821} INFO - Searching for files in /home/airflow/airflow/dags
[2025-10-22T15:02:27.740+0000] {manager.py:824} INFO - There are 0 files in /home/airflow/airflow/dags
[2025-10-22T15:07:28.313+0000] {manager.py:821} INFO - Searching for files in /home/airflow/airflow/dags
[2025-10-22T15:07:28.314+0000] {manager.py:824} INFO - There are 0 files in /home/airflow/airflow/dags
[2025-10-22T15:12:28.944+0000] {manager.py:821} INFO - Searching for files in /home/airflow/airflow/dags
[2025-10-22T15:12:28.944+0000] {manager.py:824} INFO - There are 0 files in /home/airflow/airflow/dags
[2025-10-22T15:17:29.230+0000] {manager.py:821} INFO - Searching for files in /home/airflow/airflow/dags
[2025-10-22T15:17:29.232+0000] {manager.py:824} INFO - There are 0 files in /home/airflow/airflow/dags
[2025-10-22T15:22:29.722+0000] {manager.py:821} INFO - Searching for files in /home/airflow/airflow/dags
[2025-10-22T15:22:29.723+0000] {manager.py:824} INFO - There are 0 files in /home/airflow/airflow/dags
[2025-10-22T15:27:30.250+0000] {manager.py:821} INFO - Searching for files in /home/airflow/airflow/dags
[2025-10-22T15:27:30.250+0000] {manager.py:824} INFO - There are 0 files in /home/airflow/airflow/dags
[2025-10-22T15:32:30.793+0000] {manager.py:821} INFO - Searching for files in /home/airflow/airflow/dags
[2025-10-22T15:32:30.794+0000] {manager.py:824} INFO - There are 0 files in /home/airflow/airflow/dags
[2025-10-22T15:37:31.346+0000] {manager.py:821} INFO - Searching for files in /home/airflow/airflow/dags
[2025-10-22T15:37:31.349+0000] {manager.py:824} INFO - There are 0 files in /home/airflow/airflow/dags
[2025-10-22T15:42:31.853+0000] {manager.py:821} INFO - Searching for files in /home/airflow/airflow/dags
[2025-10-22T15:42:31.853+0000] {manager.py:824} INFO - There are 0 files in /home/airflow/airflow/dags
[2025-10-22T15:47:32.418+0000] {manager.py:821} INFO - Searching for files in /home/airflow/airflow/dags
[2025-10-22T15:47:32.420+0000] {manager.py:824} INFO - There are 0 files in /home/airflow/airflow/dags
[2025-10-22T15:52:33.004+0000] {manager.py:821} INFO - Searching for files in /home/airflow/airflow/dags
[2025-10-22T15:52:33.005+0000] {manager.py:824} INFO - There are 0 files in /home/airflow/airflow/dags
[2025-10-22T15:57:33.537+0000] {manager.py:821} INFO - Searching for files in /home/airflow/airflow/dags
[2025-10-22T15:57:33.537+0000] {manager.py:824} INFO - There are 0 files in /home/airflow/airflow/dags
[2025-10-22T16:02:34.229+0000] {manager.py:821} INFO - Searching for files in /home/airflow/airflow/dags
[2025-10-22T16:02:34.230+0000] {manager.py:824} INFO - There are 0 files in /home/airflow/airflow/dags
[2025-10-22T16:07:34.775+0000] {manager.py:821} INFO - Searching for files in /home/airflow/airflow/dags
[2025-10-22T16:07:34.776+0000] {manager.py:824} INFO - There are 0 files in /home/airflow/airflow/dags
[2025-10-22T16:12:35.286+0000] {manager.py:821} INFO - Searching for files in /home/airflow/airflow/dags
[2025-10-22T16:12:35.287+0000] {manager.py:824} INFO - There are 0 files in /home/airflow/airflow/dags
[2025-10-22T16:17:35.945+0000] {manager.py:821} INFO - Searching for files in /home/airflow/airflow/dags
[2025-10-22T16:17:35.946+0000] {manager.py:824} INFO - There are 0 files in /home/airflow/airflow/dags
[2025-10-22T16:22:36.537+0000] {manager.py:821} INFO - Searching for files in /home/airflow/airflow/dags
[2025-10-22T16:22:36.537+0000] {manager.py:824} INFO - There are 0 files in /home/airflow/airflow/dags
[2025-10-22T16:27:37.115+0000] {manager.py:821} INFO - Searching for files in /home/airflow/airflow/dags
[2025-10-22T16:27:37.116+0000] {manager.py:824} INFO - There are 0 files in /home/airflow/airflow/dags
[2025-10-22T16:32:37.733+0000] {manager.py:821} INFO - Searching for files in /home/airflow/airflow/dags
[2025-10-22T16:32:37.733+0000] {manager.py:824} INFO - There are 0 files in /home/airflow/airflow/dags
[2025-10-22T16:37:38.352+0000] {manager.py:821} INFO - Searching for files in /home/airflow/airflow/dags
[2025-10-22T16:37:38.354+0000] {manager.py:824} INFO - There are 0 files in /home/airflow/airflow/dags
[2025-10-22T16:42:38.937+0000] {manager.py:821} INFO - Searching for files in /home/airflow/airflow/dags
[2025-10-22T16:42:38.938+0000] {manager.py:824} INFO - There are 0 files in /home/airflow/airflow/dags
[2025-10-22T16:47:39.565+0000] {manager.py:821} INFO - Searching for files in /home/airflow/airflow/dags
[2025-10-22T16:47:39.566+0000] {manager.py:824} INFO - There are 0 files in /home/airflow/airflow/dags
[2025-10-22T16:52:40.155+0000] {manager.py:821} INFO - Searching for files in /home/airflow/airflow/dags
[2025-10-22T16:52:40.156+0000] {manager.py:824} INFO - There are 0 files in /home/airflow/airflow/dags
[2025-10-22T16:57:40.817+0000] {manager.py:821} INFO - Searching for files in /home/airflow/airflow/dags
[2025-10-22T16:57:40.818+0000] {manager.py:824} INFO - There are 0 files in /home/airflow/airflow/dags
[2025-10-22T17:02:40.826+0000] {manager.py:821} INFO - Searching for files in /home/airflow/airflow/dags
[2025-10-22T17:02:40.827+0000] {manager.py:824} INFO - There are 0 files in /home/airflow/airflow/dags
[2025-10-22T17:07:41.672+0000] {manager.py:821} INFO - Searching for files in /home/airflow/airflow/dags
[2025-10-22T17:07:41.672+0000] {manager.py:824} INFO - There are 0 files in /home/airflow/airflow/dags
[2025-10-22T17:12:42.411+0000] {manager.py:821} INFO - Searching for files in /home/airflow/airflow/dags
[2025-10-22T17:12:42.412+0000] {manager.py:824} INFO - There are 0 files in /home/airflow/airflow/dags
[2025-10-22T17:17:43.255+0000] {manager.py:821} INFO - Searching for files in /home/airflow/airflow/dags
[2025-10-22T17:17:43.256+0000] {manager.py:824} INFO - There are 0 files in /home/airflow/airflow/dags
[2025-10-22T17:22:44.075+0000] {manager.py:821} INFO - Searching for files in /home/airflow/airflow/dags
[2025-10-22T17:22:44.075+0000] {manager.py:824} INFO - There are 0 files in /home/airflow/airflow/dags
[2025-10-22T17:27:44.866+0000] {manager.py:821} INFO - Searching for files in /home/airflow/airflow/dags
[2025-10-22T17:27:44.867+0000] {manager.py:824} INFO - There are 0 files in /home/airflow/airflow/dags
[2025-10-22T17:32:45.613+0000] {manager.py:821} INFO - Searching for files in /home/airflow/airflow/dags
[2025-10-22T17:32:45.614+0000] {manager.py:824} INFO - There are 0 files in /home/airflow/airflow/dags
[2025-10-22T17:37:46.327+0000] {manager.py:821} INFO - Searching for files in /home/airflow/airflow/dags
[2025-10-22T17:37:46.327+0000] {manager.py:824} INFO - There are 0 files in /home/airflow/airflow/dags
[2025-10-22T17:42:46.965+0000] {manager.py:821} INFO - Searching for files in /home/airflow/airflow/dags
[2025-10-22T17:42:46.967+0000] {manager.py:824} INFO - There are 0 files in /home/airflow/airflow/dags
[2025-10-22T17:47:47.746+0000] {manager.py:821} INFO - Searching for files in /home/airflow/airflow/dags
[2025-10-22T17:47:47.747+0000] {manager.py:824} INFO - There are 0 files in /home/airflow/airflow/dags
[2025-10-22T17:52:48.437+0000] {manager.py:821} INFO - Searching for files in /home/airflow/airflow/dags
[2025-10-22T17:52:48.438+0000] {manager.py:824} INFO - There are 0 files in /home/airflow/airflow/dags
[2025-10-22T17:57:48.983+0000] {manager.py:821} INFO - Searching for files in /home/airflow/airflow/dags
[2025-10-22T17:57:48.984+0000] {manager.py:824} INFO - There are 0 files in /home/airflow/airflow/dags
[2025-10-22T18:02:49.659+0000] {manager.py:821} INFO - Searching for files in /home/airflow/airflow/dags
[2025-10-22T18:02:49.660+0000] {manager.py:824} INFO - There are 0 files in /home/airflow/airflow/dags
[2025-10-22T18:07:50.189+0000] {manager.py:821} INFO - Searching for files in /home/airflow/airflow/dags
[2025-10-22T18:07:50.191+0000] {manager.py:824} INFO - There are 0 files in /home/airflow/airflow/dags
[2025-10-22T18:12:50.677+0000] {manager.py:821} INFO - Searching for files in /home/airflow/airflow/dags
[2025-10-22T18:12:50.677+0000] {manager.py:824} INFO - There are 0 files in /home/airflow/airflow/dags
[2025-10-22T18:17:51.213+0000] {manager.py:821} INFO - Searching for files in /home/airflow/airflow/dags
[2025-10-22T18:17:51.214+0000] {manager.py:824} INFO - There are 0 files in /home/airflow/airflow/dags
[2025-10-22T18:22:51.733+0000] {manager.py:821} INFO - Searching for files in /home/airflow/airflow/dags
[2025-10-22T18:22:51.734+0000] {manager.py:824} INFO - There are 0 files in /home/airflow/airflow/dags
[2025-10-22T18:27:52.303+0000] {manager.py:821} INFO - Searching for files in /home/airflow/airflow/dags
[2025-10-22T18:27:52.304+0000] {manager.py:824} INFO - There are 0 files in /home/airflow/airflow/dags
[2025-10-22T18:32:52.819+0000] {manager.py:821} INFO - Searching for files in /home/airflow/airflow/dags
[2025-10-22T18:32:52.820+0000] {manager.py:824} INFO - There are 0 files in /home/airflow/airflow/dags
[2025-10-22T18:37:53.412+0000] {manager.py:821} INFO - Searching for files in /home/airflow/airflow/dags
[2025-10-22T18:37:53.412+0000] {manager.py:824} INFO - There are 0 files in /home/airflow/airflow/dags
[2025-10-22T18:42:54.033+0000] {manager.py:821} INFO - Searching for files in /home/airflow/airflow/dags
[2025-10-22T18:42:54.034+0000] {manager.py:824} INFO - There are 0 files in /home/airflow/airflow/dags
[2025-10-22T18:47:54.633+0000] {manager.py:821} INFO - Searching for files in /home/airflow/airflow/dags
[2025-10-22T18:47:54.634+0000] {manager.py:824} INFO - There are 0 files in /home/airflow/airflow/dags
[2025-10-22T18:52:55.174+0000] {manager.py:821} INFO - Searching for files in /home/airflow/airflow/dags
[2025-10-22T18:52:55.175+0000] {manager.py:824} INFO - There are 0 files in /home/airflow/airflow/dags
[2025-10-22T18:57:55.685+0000] {manager.py:821} INFO - Searching for files in /home/airflow/airflow/dags
[2025-10-22T18:57:55.686+0000] {manager.py:824} INFO - There are 0 files in /home/airflow/airflow/dags
[2025-10-22T19:02:56.340+0000] {manager.py:821} INFO - Searching for files in /home/airflow/airflow/dags
[2025-10-22T19:02:56.340+0000] {manager.py:824} INFO - There are 0 files in /home/airflow/airflow/dags
[2025-10-22T19:07:56.866+0000] {manager.py:821} INFO - Searching for files in /home/airflow/airflow/dags
[2025-10-22T19:07:56.866+0000] {manager.py:824} INFO - There are 0 files in /home/airflow/airflow/dags
[2025-10-22T19:12:57.386+0000] {manager.py:821} INFO - Searching for files in /home/airflow/airflow/dags
[2025-10-22T19:12:57.388+0000] {manager.py:824} INFO - There are 0 files in /home/airflow/airflow/dags
[2025-10-22T19:17:57.902+0000] {manager.py:821} INFO - Searching for files in /home/airflow/airflow/dags
[2025-10-22T19:17:57.902+0000] {manager.py:824} INFO - There are 0 files in /home/airflow/airflow/dags
[2025-10-22T19:22:58.424+0000] {manager.py:821} INFO - Searching for files in /home/airflow/airflow/dags
[2025-10-22T19:22:58.425+0000] {manager.py:824} INFO - There are 0 files in /home/airflow/airflow/dags
[2025-10-22T19:27:59.026+0000] {manager.py:821} INFO - Searching for files in /home/airflow/airflow/dags
[2025-10-22T19:27:59.027+0000] {manager.py:824} INFO - There are 0 files in /home/airflow/airflow/dags
[2025-10-22T19:32:59.892+0000] {manager.py:821} INFO - Searching for files in /home/airflow/airflow/dags
[2025-10-22T19:32:59.895+0000] {manager.py:824} INFO - There are 0 files in /home/airflow/airflow/dags
[2025-10-22T19:38:00.694+0000] {manager.py:821} INFO - Searching for files in /home/airflow/airflow/dags
[2025-10-22T19:38:00.695+0000] {manager.py:824} INFO - There are 0 files in /home/airflow/airflow/dags
[2025-10-22T19:43:01.333+0000] {manager.py:821} INFO - Searching for files in /home/airflow/airflow/dags
[2025-10-22T19:43:01.334+0000] {manager.py:824} INFO - There are 0 files in /home/airflow/airflow/dags
[2025-10-22T19:48:01.829+0000] {manager.py:821} INFO - Searching for files in /home/airflow/airflow/dags
[2025-10-22T19:48:01.830+0000] {manager.py:824} INFO - There are 0 files in /home/airflow/airflow/dags
[2025-10-22T19:53:02.412+0000] {manager.py:821} INFO - Searching for files in /home/airflow/airflow/dags
[2025-10-22T19:53:02.413+0000] {manager.py:824} INFO - There are 0 files in /home/airflow/airflow/dags
[2025-10-22T19:58:02.973+0000] {manager.py:821} INFO - Searching for files in /home/airflow/airflow/dags
[2025-10-22T19:58:02.974+0000] {manager.py:824} INFO - There are 0 files in /home/airflow/airflow/dags
[2025-10-22T20:03:03.581+0000] {manager.py:821} INFO - Searching for files in /home/airflow/airflow/dags
[2025-10-22T20:03:03.583+0000] {manager.py:824} INFO - There are 0 files in /home/airflow/airflow/dags
[2025-10-22T20:08:04.125+0000] {manager.py:821} INFO - Searching for files in /home/airflow/airflow/dags
[2025-10-22T20:08:04.126+0000] {manager.py:824} INFO - There are 0 files in /home/airflow/airflow/dags
[2025-10-22T20:13:04.604+0000] {manager.py:821} INFO - Searching for files in /home/airflow/airflow/dags
[2025-10-22T20:13:04.605+0000] {manager.py:824} INFO - There are 0 files in /home/airflow/airflow/dags
[2025-10-22T20:18:05.257+0000] {manager.py:821} INFO - Searching for files in /home/airflow/airflow/dags
[2025-10-22T20:18:05.258+0000] {manager.py:824} INFO - There are 0 files in /home/airflow/airflow/dags
[2025-10-22T20:23:05.832+0000] {manager.py:821} INFO - Searching for files in /home/airflow/airflow/dags
[2025-10-22T20:23:05.832+0000] {manager.py:824} INFO - There are 0 files in /home/airflow/airflow/dags
[2025-10-22T20:28:06.398+0000] {manager.py:821} INFO - Searching for files in /home/airflow/airflow/dags
[2025-10-22T20:28:06.399+0000] {manager.py:824} INFO - There are 0 files in /home/airflow/airflow/dags
[2025-10-22T20:33:06.946+0000] {manager.py:821} INFO - Searching for files in /home/airflow/airflow/dags
[2025-10-22T20:33:06.946+0000] {manager.py:824} INFO - There are 0 files in /home/airflow/airflow/dags
[2025-10-22T20:38:07.480+0000] {manager.py:821} INFO - Searching for files in /home/airflow/airflow/dags
[2025-10-22T20:38:07.481+0000] {manager.py:824} INFO - There are 0 files in /home/airflow/airflow/dags
[2025-10-22T20:43:08.075+0000] {manager.py:821} INFO - Searching for files in /home/airflow/airflow/dags
[2025-10-22T20:43:08.077+0000] {manager.py:824} INFO - There are 0 files in /home/airflow/airflow/dags
[2025-10-22T20:48:08.726+0000] {manager.py:821} INFO - Searching for files in /home/airflow/airflow/dags
[2025-10-22T20:48:08.729+0000] {manager.py:824} INFO - There are 0 files in /home/airflow/airflow/dags
[2025-10-22T20:53:09.361+0000] {manager.py:821} INFO - Searching for files in /home/airflow/airflow/dags
[2025-10-22T20:53:09.362+0000] {manager.py:824} INFO - There are 0 files in /home/airflow/airflow/dags
[2025-10-22T20:58:09.954+0000] {manager.py:821} INFO - Searching for files in /home/airflow/airflow/dags
[2025-10-22T20:58:09.954+0000] {manager.py:824} INFO - There are 0 files in /home/airflow/airflow/dags
[2025-10-22T21:03:10.625+0000] {manager.py:821} INFO - Searching for files in /home/airflow/airflow/dags
[2025-10-22T21:03:10.626+0000] {manager.py:824} INFO - There are 0 files in /home/airflow/airflow/dags
[2025-10-22T21:08:11.205+0000] {manager.py:821} INFO - Searching for files in /home/airflow/airflow/dags
[2025-10-22T21:08:11.206+0000] {manager.py:824} INFO - There are 0 files in /home/airflow/airflow/dags
[2025-10-22T21:13:11.788+0000] {manager.py:821} INFO - Searching for files in /home/airflow/airflow/dags
[2025-10-22T21:13:11.789+0000] {manager.py:824} INFO - There are 0 files in /home/airflow/airflow/dags
[2025-10-22T21:18:12.367+0000] {manager.py:821} INFO - Searching for files in /home/airflow/airflow/dags
[2025-10-22T21:18:12.368+0000] {manager.py:824} INFO - There are 0 files in /home/airflow/airflow/dags
[2025-10-22T21:23:12.892+0000] {manager.py:821} INFO - Searching for files in /home/airflow/airflow/dags
[2025-10-22T21:23:12.893+0000] {manager.py:824} INFO - There are 0 files in /home/airflow/airflow/dags
[2025-10-22T21:28:13.394+0000] {manager.py:821} INFO - Searching for files in /home/airflow/airflow/dags
[2025-10-22T21:28:13.395+0000] {manager.py:824} INFO - There are 0 files in /home/airflow/airflow/dags
[2025-10-22T21:33:13.931+0000] {manager.py:821} INFO - Searching for files in /home/airflow/airflow/dags
[2025-10-22T21:33:13.932+0000] {manager.py:824} INFO - There are 0 files in /home/airflow/airflow/dags
[2025-10-22T21:38:14.477+0000] {manager.py:821} INFO - Searching for files in /home/airflow/airflow/dags
[2025-10-22T21:38:14.478+0000] {manager.py:824} INFO - There are 0 files in /home/airflow/airflow/dags
[2025-10-22T21:43:14.967+0000] {manager.py:821} INFO - Searching for files in /home/airflow/airflow/dags
[2025-10-22T21:43:14.967+0000] {manager.py:824} INFO - There are 0 files in /home/airflow/airflow/dags
[2025-10-22T21:48:15.474+0000] {manager.py:821} INFO - Searching for files in /home/airflow/airflow/dags
[2025-10-22T21:48:15.474+0000] {manager.py:824} INFO - There are 0 files in /home/airflow/airflow/dags
[2025-10-22T21:53:15.975+0000] {manager.py:821} INFO - Searching for files in /home/airflow/airflow/dags
[2025-10-22T21:53:15.975+0000] {manager.py:824} INFO - There are 0 files in /home/airflow/airflow/dags
[2025-10-22T21:58:16.472+0000] {manager.py:821} INFO - Searching for files in /home/airflow/airflow/dags
[2025-10-22T21:58:16.473+0000] {manager.py:824} INFO - There are 0 files in /home/airflow/airflow/dags
[2025-10-22T22:03:17.044+0000] {manager.py:821} INFO - Searching for files in /home/airflow/airflow/dags
[2025-10-22T22:03:17.045+0000] {manager.py:824} INFO - There are 0 files in /home/airflow/airflow/dags
[2025-10-22T22:08:17.545+0000] {manager.py:821} INFO - Searching for files in /home/airflow/airflow/dags
[2025-10-22T22:08:17.546+0000] {manager.py:824} INFO - There are 0 files in /home/airflow/airflow/dags
[2025-10-22T22:13:18.020+0000] {manager.py:821} INFO - Searching for files in /home/airflow/airflow/dags
[2025-10-22T22:13:18.021+0000] {manager.py:824} INFO - There are 0 files in /home/airflow/airflow/dags
[2025-10-22T22:18:18.529+0000] {manager.py:821} INFO - Searching for files in /home/airflow/airflow/dags
[2025-10-22T22:18:18.530+0000] {manager.py:824} INFO - There are 0 files in /home/airflow/airflow/dags
[2025-10-22T22:23:18.985+0000] {manager.py:821} INFO - Searching for files in /home/airflow/airflow/dags
[2025-10-22T22:23:18.986+0000] {manager.py:824} INFO - There are 0 files in /home/airflow/airflow/dags
[2025-10-22T22:28:19.496+0000] {manager.py:821} INFO - Searching for files in /home/airflow/airflow/dags
[2025-10-22T22:28:19.497+0000] {manager.py:824} INFO - There are 0 files in /home/airflow/airflow/dags
[2025-10-22T22:33:20.018+0000] {manager.py:821} INFO - Searching for files in /home/airflow/airflow/dags
[2025-10-22T22:33:20.019+0000] {manager.py:824} INFO - There are 0 files in /home/airflow/airflow/dags
[2025-10-22T22:38:20.542+0000] {manager.py:821} INFO - Searching for files in /home/airflow/airflow/dags
[2025-10-22T22:38:20.542+0000] {manager.py:824} INFO - There are 0 files in /home/airflow/airflow/dags
[2025-10-22T22:43:21.096+0000] {manager.py:821} INFO - Searching for files in /home/airflow/airflow/dags
[2025-10-22T22:43:21.096+0000] {manager.py:824} INFO - There are 0 files in /home/airflow/airflow/dags
[2025-10-22T22:48:21.669+0000] {manager.py:821} INFO - Searching for files in /home/airflow/airflow/dags
[2025-10-22T22:48:21.670+0000] {manager.py:824} INFO - There are 0 files in /home/airflow/airflow/dags
[2025-10-22T22:53:22.292+0000] {manager.py:821} INFO - Searching for files in /home/airflow/airflow/dags
[2025-10-22T22:53:22.292+0000] {manager.py:824} INFO - There are 0 files in /home/airflow/airflow/dags
[2025-10-22T22:58:22.802+0000] {manager.py:821} INFO - Searching for files in /home/airflow/airflow/dags
[2025-10-22T22:58:22.803+0000] {manager.py:824} INFO - There are 0 files in /home/airflow/airflow/dags
[2025-10-22T23:03:23.385+0000] {manager.py:821} INFO - Searching for files in /home/airflow/airflow/dags
[2025-10-22T23:03:23.386+0000] {manager.py:824} INFO - There are 0 files in /home/airflow/airflow/dags
[2025-10-22T23:08:23.904+0000] {manager.py:821} INFO - Searching for files in /home/airflow/airflow/dags
[2025-10-22T23:08:23.905+0000] {manager.py:824} INFO - There are 0 files in /home/airflow/airflow/dags
[2025-10-22T23:13:24.356+0000] {manager.py:821} INFO - Searching for files in /home/airflow/airflow/dags
[2025-10-22T23:13:24.356+0000] {manager.py:824} INFO - There are 0 files in /home/airflow/airflow/dags
[2025-10-22T23:18:24.914+0000] {manager.py:821} INFO - Searching for files in /home/airflow/airflow/dags
[2025-10-22T23:18:24.916+0000] {manager.py:824} INFO - There are 0 files in /home/airflow/airflow/dags
[2025-10-22T23:23:25.423+0000] {manager.py:821} INFO - Searching for files in /home/airflow/airflow/dags
[2025-10-22T23:23:25.424+0000] {manager.py:824} INFO - There are 0 files in /home/airflow/airflow/dags
[2025-10-22T23:28:25.902+0000] {manager.py:821} INFO - Searching for files in /home/airflow/airflow/dags
[2025-10-22T23:28:25.903+0000] {manager.py:824} INFO - There are 0 files in /home/airflow/airflow/dags
[2025-10-22T23:33:26.414+0000] {manager.py:821} INFO - Searching for files in /home/airflow/airflow/dags
[2025-10-22T23:33:26.415+0000] {manager.py:824} INFO - There are 0 files in /home/airflow/airflow/dags
[2025-10-22T23:38:26.922+0000] {manager.py:821} INFO - Searching for files in /home/airflow/airflow/dags
[2025-10-22T23:38:26.922+0000] {manager.py:824} INFO - There are 0 files in /home/airflow/airflow/dags
[2025-10-22T23:43:27.406+0000] {manager.py:821} INFO - Searching for files in /home/airflow/airflow/dags
[2025-10-22T23:43:27.406+0000] {manager.py:824} INFO - There are 0 files in /home/airflow/airflow/dags
[2025-10-22T23:48:27.943+0000] {manager.py:821} INFO - Searching for files in /home/airflow/airflow/dags
[2025-10-22T23:48:27.944+0000] {manager.py:824} INFO - There are 0 files in /home/airflow/airflow/dags
[2025-10-22T23:53:28.432+0000] {manager.py:821} INFO - Searching for files in /home/airflow/airflow/dags
[2025-10-22T23:53:28.433+0000] {manager.py:824} INFO - There are 0 files in /home/airflow/airflow/dags
[2025-10-22T23:58:29.047+0000] {manager.py:821} INFO - Searching for files in /home/airflow/airflow/dags
[2025-10-22T23:58:29.048+0000] {manager.py:824} INFO - There are 0 files in /home/airflow/airflow/dags
[2025-10-23T00:03:29.774+0000] {manager.py:821} INFO - Searching for files in /home/airflow/airflow/dags
[2025-10-23T00:03:29.775+0000] {manager.py:824} INFO - There are 0 files in /home/airflow/airflow/dags
[2025-10-23T00:08:30.351+0000] {manager.py:821} INFO - Searching for files in /home/airflow/airflow/dags
[2025-10-23T00:08:30.352+0000] {manager.py:824} INFO - There are 0 files in /home/airflow/airflow/dags
[2025-10-23T00:13:30.836+0000] {manager.py:821} INFO - Searching for files in /home/airflow/airflow/dags
[2025-10-23T00:13:30.837+0000] {manager.py:824} INFO - There are 0 files in /home/airflow/airflow/dags
[2025-10-23T00:18:31.363+0000] {manager.py:821} INFO - Searching for files in /home/airflow/airflow/dags
[2025-10-23T00:18:31.363+0000] {manager.py:824} INFO - There are 0 files in /home/airflow/airflow/dags
[2025-10-23T00:23:31.899+0000] {manager.py:821} INFO - Searching for files in /home/airflow/airflow/dags
[2025-10-23T00:23:31.899+0000] {manager.py:824} INFO - There are 0 files in /home/airflow/airflow/dags
[2025-10-23T00:28:32.421+0000] {manager.py:821} INFO - Searching for files in /home/airflow/airflow/dags
[2025-10-23T00:28:32.421+0000] {manager.py:824} INFO - There are 0 files in /home/airflow/airflow/dags
[2025-10-23T00:33:33.001+0000] {manager.py:821} INFO - Searching for files in /home/airflow/airflow/dags
[2025-10-23T00:33:33.002+0000] {manager.py:824} INFO - There are 0 files in /home/airflow/airflow/dags
[2025-10-23T00:38:33.598+0000] {manager.py:821} INFO - Searching for files in /home/airflow/airflow/dags
[2025-10-23T00:38:33.599+0000] {manager.py:824} INFO - There are 0 files in /home/airflow/airflow/dags
[2025-10-23T00:43:34.139+0000] {manager.py:821} INFO - Searching for files in /home/airflow/airflow/dags
[2025-10-23T00:43:34.140+0000] {manager.py:824} INFO - There are 0 files in /home/airflow/airflow/dags
[2025-10-23T00:48:34.691+0000] {manager.py:821} INFO - Searching for files in /home/airflow/airflow/dags
[2025-10-23T00:48:34.693+0000] {manager.py:824} INFO - There are 0 files in /home/airflow/airflow/dags
[2025-10-23T00:53:35.266+0000] {manager.py:821} INFO - Searching for files in /home/airflow/airflow/dags
[2025-10-23T00:53:35.267+0000] {manager.py:824} INFO - There are 0 files in /home/airflow/airflow/dags
[2025-10-23T00:58:35.787+0000] {manager.py:821} INFO - Searching for files in /home/airflow/airflow/dags
[2025-10-23T00:58:35.788+0000] {manager.py:824} INFO - There are 0 files in /home/airflow/airflow/dags
[2025-10-23T01:03:36.392+0000] {manager.py:821} INFO - Searching for files in /home/airflow/airflow/dags
[2025-10-23T01:03:36.393+0000] {manager.py:824} INFO - There are 0 files in /home/airflow/airflow/dags
[2025-10-23T01:08:36.967+0000] {manager.py:821} INFO - Searching for files in /home/airflow/airflow/dags
[2025-10-23T01:08:36.969+0000] {manager.py:824} INFO - There are 0 files in /home/airflow/airflow/dags
[2025-10-23T01:13:37.528+0000] {manager.py:821} INFO - Searching for files in /home/airflow/airflow/dags
[2025-10-23T01:13:37.529+0000] {manager.py:824} INFO - There are 0 files in /home/airflow/airflow/dags
[2025-10-23T01:18:38.076+0000] {manager.py:821} INFO - Searching for files in /home/airflow/airflow/dags
[2025-10-23T01:18:38.077+0000] {manager.py:824} INFO - There are 0 files in /home/airflow/airflow/dags
[2025-10-23T01:23:38.614+0000] {manager.py:821} INFO - Searching for files in /home/airflow/airflow/dags
[2025-10-23T01:23:38.615+0000] {manager.py:824} INFO - There are 0 files in /home/airflow/airflow/dags
[2025-10-23T01:28:39.141+0000] {manager.py:821} INFO - Searching for files in /home/airflow/airflow/dags
[2025-10-23T01:28:39.142+0000] {manager.py:824} INFO - There are 0 files in /home/airflow/airflow/dags
[2025-10-23T01:33:39.751+0000] {manager.py:821} INFO - Searching for files in /home/airflow/airflow/dags
[2025-10-23T01:33:39.752+0000] {manager.py:824} INFO - There are 0 files in /home/airflow/airflow/dags
[2025-10-23T01:38:40.356+0000] {manager.py:821} INFO - Searching for files in /home/airflow/airflow/dags
[2025-10-23T01:38:40.357+0000] {manager.py:824} INFO - There are 0 files in /home/airflow/airflow/dags
[2025-10-23T01:43:40.967+0000] {manager.py:821} INFO - Searching for files in /home/airflow/airflow/dags
[2025-10-23T01:43:40.968+0000] {manager.py:824} INFO - There are 0 files in /home/airflow/airflow/dags
[2025-10-23T01:48:41.541+0000] {manager.py:821} INFO - Searching for files in /home/airflow/airflow/dags
[2025-10-23T01:48:41.542+0000] {manager.py:824} INFO - There are 0 files in /home/airflow/airflow/dags
[2025-10-23T01:53:42.128+0000] {manager.py:821} INFO - Searching for files in /home/airflow/airflow/dags
[2025-10-23T01:53:42.129+0000] {manager.py:824} INFO - There are 0 files in /home/airflow/airflow/dags
[2025-10-23T01:58:42.704+0000] {manager.py:821} INFO - Searching for files in /home/airflow/airflow/dags
[2025-10-23T01:58:42.706+0000] {manager.py:824} INFO - There are 0 files in /home/airflow/airflow/dags
[2025-10-23T02:03:43.385+0000] {manager.py:821} INFO - Searching for files in /home/airflow/airflow/dags
[2025-10-23T02:03:43.386+0000] {manager.py:824} INFO - There are 0 files in /home/airflow/airflow/dags
[2025-10-23T02:08:43.887+0000] {manager.py:821} INFO - Searching for files in /home/airflow/airflow/dags
[2025-10-23T02:08:43.888+0000] {manager.py:824} INFO - There are 0 files in /home/airflow/airflow/dags
[2025-10-23T02:13:44.387+0000] {manager.py:821} INFO - Searching for files in /home/airflow/airflow/dags
[2025-10-23T02:13:44.387+0000] {manager.py:824} INFO - There are 0 files in /home/airflow/airflow/dags
[2025-10-23T02:18:44.982+0000] {manager.py:821} INFO - Searching for files in /home/airflow/airflow/dags
[2025-10-23T02:18:44.984+0000] {manager.py:824} INFO - There are 0 files in /home/airflow/airflow/dags
[2025-10-23T02:23:45.595+0000] {manager.py:821} INFO - Searching for files in /home/airflow/airflow/dags
[2025-10-23T02:23:45.596+0000] {manager.py:824} INFO - There are 0 files in /home/airflow/airflow/dags
[2025-10-23T02:28:46.273+0000] {manager.py:821} INFO - Searching for files in /home/airflow/airflow/dags
[2025-10-23T02:28:46.274+0000] {manager.py:824} INFO - There are 0 files in /home/airflow/airflow/dags
[2025-10-23T02:33:46.908+0000] {manager.py:821} INFO - Searching for files in /home/airflow/airflow/dags
[2025-10-23T02:33:46.909+0000] {manager.py:824} INFO - There are 0 files in /home/airflow/airflow/dags
[2025-10-23T02:38:47.496+0000] {manager.py:821} INFO - Searching for files in /home/airflow/airflow/dags
[2025-10-23T02:38:47.497+0000] {manager.py:824} INFO - There are 0 files in /home/airflow/airflow/dags
[2025-10-23T02:43:48.004+0000] {manager.py:821} INFO - Searching for files in /home/airflow/airflow/dags
[2025-10-23T02:43:48.005+0000] {manager.py:824} INFO - There are 0 files in /home/airflow/airflow/dags
[2025-10-23T02:48:48.571+0000] {manager.py:821} INFO - Searching for files in /home/airflow/airflow/dags
[2025-10-23T02:48:48.572+0000] {manager.py:824} INFO - There are 0 files in /home/airflow/airflow/dags
[2025-10-23T02:53:49.092+0000] {manager.py:821} INFO - Searching for files in /home/airflow/airflow/dags
[2025-10-23T02:53:49.093+0000] {manager.py:824} INFO - There are 0 files in /home/airflow/airflow/dags
[2025-10-23T02:58:49.589+0000] {manager.py:821} INFO - Searching for files in /home/airflow/airflow/dags
[2025-10-23T02:58:49.589+0000] {manager.py:824} INFO - There are 0 files in /home/airflow/airflow/dags
[2025-10-23T03:03:50.181+0000] {manager.py:821} INFO - Searching for files in /home/airflow/airflow/dags
[2025-10-23T03:03:50.181+0000] {manager.py:824} INFO - There are 0 files in /home/airflow/airflow/dags
[2025-10-23T03:08:50.674+0000] {manager.py:821} INFO - Searching for files in /home/airflow/airflow/dags
[2025-10-23T03:08:50.676+0000] {manager.py:824} INFO - There are 0 files in /home/airflow/airflow/dags
[2025-10-23T03:13:51.177+0000] {manager.py:821} INFO - Searching for files in /home/airflow/airflow/dags
[2025-10-23T03:13:51.178+0000] {manager.py:824} INFO - There are 0 files in /home/airflow/airflow/dags
[2025-10-23T03:18:51.749+0000] {manager.py:821} INFO - Searching for files in /home/airflow/airflow/dags
[2025-10-23T03:18:51.749+0000] {manager.py:824} INFO - There are 0 files in /home/airflow/airflow/dags
[2025-10-23T03:23:52.301+0000] {manager.py:821} INFO - Searching for files in /home/airflow/airflow/dags
[2025-10-23T03:23:52.302+0000] {manager.py:824} INFO - There are 0 files in /home/airflow/airflow/dags
[2025-10-23T03:28:52.793+0000] {manager.py:821} INFO - Searching for files in /home/airflow/airflow/dags
[2025-10-23T03:28:52.794+0000] {manager.py:824} INFO - There are 0 files in /home/airflow/airflow/dags
[2025-10-23T03:33:53.367+0000] {manager.py:821} INFO - Searching for files in /home/airflow/airflow/dags
[2025-10-23T03:33:53.368+0000] {manager.py:824} INFO - There are 0 files in /home/airflow/airflow/dags
[2025-10-23T03:38:53.890+0000] {manager.py:821} INFO - Searching for files in /home/airflow/airflow/dags
[2025-10-23T03:38:53.891+0000] {manager.py:824} INFO - There are 0 files in /home/airflow/airflow/dags
[2025-10-23T03:43:54.463+0000] {manager.py:821} INFO - Searching for files in /home/airflow/airflow/dags
[2025-10-23T03:43:54.464+0000] {manager.py:824} INFO - There are 0 files in /home/airflow/airflow/dags
[2025-10-23T03:48:55.025+0000] {manager.py:821} INFO - Searching for files in /home/airflow/airflow/dags
[2025-10-23T03:48:55.027+0000] {manager.py:824} INFO - There are 0 files in /home/airflow/airflow/dags
[2025-10-23T03:53:55.627+0000] {manager.py:821} INFO - Searching for files in /home/airflow/airflow/dags
[2025-10-23T03:53:55.629+0000] {manager.py:824} INFO - There are 0 files in /home/airflow/airflow/dags
[2025-10-23T03:58:56.242+0000] {manager.py:821} INFO - Searching for files in /home/airflow/airflow/dags
[2025-10-23T03:58:56.243+0000] {manager.py:824} INFO - There are 0 files in /home/airflow/airflow/dags
[2025-10-23T04:03:56.827+0000] {manager.py:821} INFO - Searching for files in /home/airflow/airflow/dags
[2025-10-23T04:03:56.828+0000] {manager.py:824} INFO - There are 0 files in /home/airflow/airflow/dags
[2025-10-23T04:08:57.420+0000] {manager.py:821} INFO - Searching for files in /home/airflow/airflow/dags
[2025-10-23T04:08:57.421+0000] {manager.py:824} INFO - There are 0 files in /home/airflow/airflow/dags
[2025-10-23T04:13:57.958+0000] {manager.py:821} INFO - Searching for files in /home/airflow/airflow/dags
[2025-10-23T04:13:57.958+0000] {manager.py:824} INFO - There are 0 files in /home/airflow/airflow/dags
[2025-10-23T04:18:58.563+0000] {manager.py:821} INFO - Searching for files in /home/airflow/airflow/dags
[2025-10-23T04:18:58.563+0000] {manager.py:824} INFO - There are 0 files in /home/airflow/airflow/dags
[2025-10-23T04:23:59.134+0000] {manager.py:821} INFO - Searching for files in /home/airflow/airflow/dags
[2025-10-23T04:23:59.135+0000] {manager.py:824} INFO - There are 0 files in /home/airflow/airflow/dags
[2025-10-23T04:28:59.643+0000] {manager.py:821} INFO - Searching for files in /home/airflow/airflow/dags
[2025-10-23T04:28:59.643+0000] {manager.py:824} INFO - There are 0 files in /home/airflow/airflow/dags
[2025-10-23T04:34:00.213+0000] {manager.py:821} INFO - Searching for files in /home/airflow/airflow/dags
[2025-10-23T04:34:00.214+0000] {manager.py:824} INFO - There are 0 files in /home/airflow/airflow/dags
[2025-10-23T04:39:00.772+0000] {manager.py:821} INFO - Searching for files in /home/airflow/airflow/dags
[2025-10-23T04:39:00.773+0000] {manager.py:824} INFO - There are 0 files in /home/airflow/airflow/dags
[2025-10-23T04:44:01.320+0000] {manager.py:821} INFO - Searching for files in /home/airflow/airflow/dags
[2025-10-23T04:44:01.321+0000] {manager.py:824} INFO - There are 0 files in /home/airflow/airflow/dags
[2025-10-23T04:49:01.839+0000] {manager.py:821} INFO - Searching for files in /home/airflow/airflow/dags
[2025-10-23T04:49:01.840+0000] {manager.py:824} INFO - There are 0 files in /home/airflow/airflow/dags
[2025-10-23T04:54:02.373+0000] {manager.py:821} INFO - Searching for files in /home/airflow/airflow/dags
[2025-10-23T04:54:02.374+0000] {manager.py:824} INFO - There are 0 files in /home/airflow/airflow/dags
[2025-10-23T04:59:02.892+0000] {manager.py:821} INFO - Searching for files in /home/airflow/airflow/dags
[2025-10-23T04:59:02.894+0000] {manager.py:824} INFO - There are 0 files in /home/airflow/airflow/dags
[2025-10-23T05:04:03.525+0000] {manager.py:821} INFO - Searching for files in /home/airflow/airflow/dags
[2025-10-23T05:04:03.526+0000] {manager.py:824} INFO - There are 0 files in /home/airflow/airflow/dags
[2025-10-23T05:09:04.039+0000] {manager.py:821} INFO - Searching for files in /home/airflow/airflow/dags
[2025-10-23T05:09:04.039+0000] {manager.py:824} INFO - There are 0 files in /home/airflow/airflow/dags
[2025-10-23T05:14:04.619+0000] {manager.py:821} INFO - Searching for files in /home/airflow/airflow/dags
[2025-10-23T05:14:04.620+0000] {manager.py:824} INFO - There are 0 files in /home/airflow/airflow/dags
[2025-10-23T05:19:05.203+0000] {manager.py:821} INFO - Searching for files in /home/airflow/airflow/dags
[2025-10-23T05:19:05.205+0000] {manager.py:824} INFO - There are 0 files in /home/airflow/airflow/dags
[2025-10-23T05:24:05.794+0000] {manager.py:821} INFO - Searching for files in /home/airflow/airflow/dags
[2025-10-23T05:24:05.804+0000] {manager.py:824} INFO - There are 0 files in /home/airflow/airflow/dags
[2025-10-23T05:29:06.393+0000] {manager.py:821} INFO - Searching for files in /home/airflow/airflow/dags
[2025-10-23T05:29:06.394+0000] {manager.py:824} INFO - There are 0 files in /home/airflow/airflow/dags
[2025-10-23T05:34:07.004+0000] {manager.py:821} INFO - Searching for files in /home/airflow/airflow/dags
[2025-10-23T05:34:07.006+0000] {manager.py:824} INFO - There are 0 files in /home/airflow/airflow/dags
[2025-10-23T05:39:07.516+0000] {manager.py:821} INFO - Searching for files in /home/airflow/airflow/dags
[2025-10-23T05:39:07.517+0000] {manager.py:824} INFO - There are 1 files in /home/airflow/airflow/dags
[2025-10-23T05:39:16.601+0000] {manager.py:997} INFO - 
================================================================================
DAG File Processing Stats

File Path                                           PID    Runtime      # DAGs    # Errors  Last Runtime    Last Run               Last # of DB Queries
--------------------------------------------------  -----  ---------  --------  ----------  --------------  -------------------  ----------------------
/home/airflow/airflow/dags/test_ondemand_worker.py                           1           0  0.52s           2025-10-23T05:39:08                      43
================================================================================
[2025-10-23T05:39:47.254+0000] {manager.py:997} INFO - 
================================================================================
DAG File Processing Stats

File Path                                           PID    Runtime      # DAGs    # Errors  Last Runtime    Last Run               Last # of DB Queries
--------------------------------------------------  -----  ---------  --------  ----------  --------------  -------------------  ----------------------
/home/airflow/airflow/dags/test_ondemand_worker.py                           1           0  0.34s           2025-10-23T05:39:38                      10
================================================================================
[2025-10-23T05:40:17.764+0000] {manager.py:997} INFO - 
================================================================================
DAG File Processing Stats

File Path                                           PID    Runtime      # DAGs    # Errors  Last Runtime    Last Run               Last # of DB Queries
--------------------------------------------------  -----  ---------  --------  ----------  --------------  -------------------  ----------------------
/home/airflow/airflow/dags/test_ondemand_worker.py                           1           0  0.31s           2025-10-23T05:40:09                      10
================================================================================
[2025-10-23T05:40:48.221+0000] {manager.py:997} INFO - 
================================================================================
DAG File Processing Stats

File Path                                           PID    Runtime      # DAGs    # Errors  Last Runtime    Last Run               Last # of DB Queries
--------------------------------------------------  -----  ---------  --------  ----------  --------------  -------------------  ----------------------
/home/airflow/airflow/dags/test_ondemand_worker.py                           1           0  0.31s           2025-10-23T05:40:39                      10
================================================================================
[2025-10-23T05:41:18.664+0000] {manager.py:997} INFO - 
================================================================================
DAG File Processing Stats

File Path                                           PID    Runtime      # DAGs    # Errors  Last Runtime    Last Run               Last # of DB Queries
--------------------------------------------------  -----  ---------  --------  ----------  --------------  -------------------  ----------------------
/home/airflow/airflow/dags/test_ondemand_worker.py                           1           0  0.29s           2025-10-23T05:41:09                      10
================================================================================
[2025-10-23T05:41:49.096+0000] {manager.py:997} INFO - 
================================================================================
DAG File Processing Stats

File Path                                           PID    Runtime      # DAGs    # Errors  Last Runtime    Last Run               Last # of DB Queries
--------------------------------------------------  -----  ---------  --------  ----------  --------------  -------------------  ----------------------
/home/airflow/airflow/dags/test_ondemand_worker.py                           1           0  0.30s           2025-10-23T05:41:40                      10
================================================================================
[2025-10-23T05:42:19.578+0000] {manager.py:997} INFO - 
================================================================================
DAG File Processing Stats

File Path                                           PID    Runtime      # DAGs    # Errors  Last Runtime    Last Run               Last # of DB Queries
--------------------------------------------------  -----  ---------  --------  ----------  --------------  -------------------  ----------------------
/home/airflow/airflow/dags/test_ondemand_worker.py                           1           0  0.29s           2025-10-23T05:42:10                      10
================================================================================
[2025-10-23T05:42:49.983+0000] {manager.py:997} INFO - 
================================================================================
DAG File Processing Stats

File Path                                           PID    Runtime      # DAGs    # Errors  Last Runtime    Last Run               Last # of DB Queries
--------------------------------------------------  -----  ---------  --------  ----------  --------------  -------------------  ----------------------
/home/airflow/airflow/dags/test_ondemand_worker.py                           1           0  0.29s           2025-10-23T05:42:41                      10
================================================================================
[2025-10-23T05:43:20.418+0000] {manager.py:997} INFO - 
================================================================================
DAG File Processing Stats

File Path                                           PID    Runtime      # DAGs    # Errors  Last Runtime    Last Run               Last # of DB Queries
--------------------------------------------------  -----  ---------  --------  ----------  --------------  -------------------  ----------------------
/home/airflow/airflow/dags/test_ondemand_worker.py                           1           0  0.32s           2025-10-23T05:43:11                      10
================================================================================
[2025-10-23T05:43:50.873+0000] {manager.py:997} INFO - 
================================================================================
DAG File Processing Stats

File Path                                           PID    Runtime      # DAGs    # Errors  Last Runtime    Last Run               Last # of DB Queries
--------------------------------------------------  -----  ---------  --------  ----------  --------------  -------------------  ----------------------
/home/airflow/airflow/dags/test_ondemand_worker.py                           1           0  0.33s           2025-10-23T05:43:42                      10
================================================================================
[2025-10-23T05:44:07.950+0000] {manager.py:821} INFO - Searching for files in /home/airflow/airflow/dags
[2025-10-23T05:44:07.951+0000] {manager.py:824} INFO - There are 1 files in /home/airflow/airflow/dags
[2025-10-23T05:44:21.358+0000] {manager.py:997} INFO - 
================================================================================
DAG File Processing Stats

File Path                                           PID    Runtime      # DAGs    # Errors  Last Runtime    Last Run               Last # of DB Queries
--------------------------------------------------  -----  ---------  --------  ----------  --------------  -------------------  ----------------------
/home/airflow/airflow/dags/test_ondemand_worker.py                           1           0  0.32s           2025-10-23T05:44:12                      10
================================================================================
[2025-10-23T05:44:51.832+0000] {manager.py:997} INFO - 
================================================================================
DAG File Processing Stats

File Path                                           PID    Runtime      # DAGs    # Errors  Last Runtime    Last Run               Last # of DB Queries
--------------------------------------------------  -----  ---------  --------  ----------  --------------  -------------------  ----------------------
/home/airflow/airflow/dags/test_ondemand_worker.py                           1           0  0.31s           2025-10-23T05:44:43                      10
================================================================================
[2025-10-23T05:45:22.299+0000] {manager.py:997} INFO - 
================================================================================
DAG File Processing Stats

File Path                                           PID    Runtime      # DAGs    # Errors  Last Runtime    Last Run               Last # of DB Queries
--------------------------------------------------  -----  ---------  --------  ----------  --------------  -------------------  ----------------------
/home/airflow/airflow/dags/test_ondemand_worker.py                           1           0  0.34s           2025-10-23T05:45:13                      10
================================================================================
[2025-10-23T05:45:52.804+0000] {manager.py:997} INFO - 
================================================================================
DAG File Processing Stats

File Path                                           PID    Runtime      # DAGs    # Errors  Last Runtime    Last Run               Last # of DB Queries
--------------------------------------------------  -----  ---------  --------  ----------  --------------  -------------------  ----------------------
/home/airflow/airflow/dags/test_ondemand_worker.py                           1           0  0.36s           2025-10-23T05:45:44                      10
================================================================================
[2025-10-23T05:46:23.336+0000] {manager.py:997} INFO - 
================================================================================
DAG File Processing Stats

File Path                                           PID    Runtime      # DAGs    # Errors  Last Runtime    Last Run               Last # of DB Queries
--------------------------------------------------  -----  ---------  --------  ----------  --------------  -------------------  ----------------------
/home/airflow/airflow/dags/test_ondemand_worker.py                           1           0  0.35s           2025-10-23T05:46:14                      10
================================================================================
[2025-10-23T05:46:53.856+0000] {manager.py:997} INFO - 
================================================================================
DAG File Processing Stats

File Path                                           PID    Runtime      # DAGs    # Errors  Last Runtime    Last Run               Last # of DB Queries
--------------------------------------------------  -----  ---------  --------  ----------  --------------  -------------------  ----------------------
/home/airflow/airflow/dags/test_ondemand_worker.py                           1           0  0.34s           2025-10-23T05:46:45                      10
================================================================================
[2025-10-23T05:47:24.366+0000] {manager.py:997} INFO - 
================================================================================
DAG File Processing Stats

File Path                                           PID    Runtime      # DAGs    # Errors  Last Runtime    Last Run               Last # of DB Queries
--------------------------------------------------  -----  ---------  --------  ----------  --------------  -------------------  ----------------------
/home/airflow/airflow/dags/test_ondemand_worker.py                           1           0  0.33s           2025-10-23T05:47:15                      10
================================================================================
[2025-10-23T05:47:54.841+0000] {manager.py:997} INFO - 
================================================================================
DAG File Processing Stats

File Path                                           PID    Runtime      # DAGs    # Errors  Last Runtime    Last Run               Last # of DB Queries
--------------------------------------------------  -----  ---------  --------  ----------  --------------  -------------------  ----------------------
/home/airflow/airflow/dags/test_ondemand_worker.py                           1           0  0.29s           2025-10-23T05:47:46                      10
================================================================================
[2025-10-23T05:48:25.274+0000] {manager.py:997} INFO - 
================================================================================
DAG File Processing Stats

File Path                                           PID    Runtime      # DAGs    # Errors  Last Runtime    Last Run               Last # of DB Queries
--------------------------------------------------  -----  ---------  --------  ----------  --------------  -------------------  ----------------------
/home/airflow/airflow/dags/test_ondemand_worker.py                           1           0  0.33s           2025-10-23T05:48:16                      10
================================================================================
[2025-10-23T05:48:55.767+0000] {manager.py:997} INFO - 
================================================================================
DAG File Processing Stats

File Path                                           PID    Runtime      # DAGs    # Errors  Last Runtime    Last Run               Last # of DB Queries
--------------------------------------------------  -----  ---------  --------  ----------  --------------  -------------------  ----------------------
/home/airflow/airflow/dags/test_ondemand_worker.py                           1           0  0.30s           2025-10-23T05:48:47                      10
================================================================================
[2025-10-23T05:49:08.119+0000] {manager.py:821} INFO - Searching for files in /home/airflow/airflow/dags
[2025-10-23T05:49:08.120+0000] {manager.py:824} INFO - There are 1 files in /home/airflow/airflow/dags
[2025-10-23T05:49:26.244+0000] {manager.py:997} INFO - 
================================================================================
DAG File Processing Stats

File Path                                           PID    Runtime      # DAGs    # Errors  Last Runtime    Last Run               Last # of DB Queries
--------------------------------------------------  -----  ---------  --------  ----------  --------------  -------------------  ----------------------
/home/airflow/airflow/dags/test_ondemand_worker.py                           1           0  0.31s           2025-10-23T05:49:17                      10
================================================================================
[2025-10-23T05:49:56.700+0000] {manager.py:997} INFO - 
================================================================================
DAG File Processing Stats

File Path                                           PID    Runtime      # DAGs    # Errors  Last Runtime    Last Run               Last # of DB Queries
--------------------------------------------------  -----  ---------  --------  ----------  --------------  -------------------  ----------------------
/home/airflow/airflow/dags/test_ondemand_worker.py                           1           0  0.27s           2025-10-23T05:49:47                      10
================================================================================
[2025-10-23T05:50:27.118+0000] {manager.py:997} INFO - 
================================================================================
DAG File Processing Stats

File Path                                           PID    Runtime      # DAGs    # Errors  Last Runtime    Last Run               Last # of DB Queries
--------------------------------------------------  -----  ---------  --------  ----------  --------------  -------------------  ----------------------
/home/airflow/airflow/dags/test_ondemand_worker.py                           1           0  0.32s           2025-10-23T05:50:18                      10
================================================================================
[2025-10-23T05:50:57.626+0000] {manager.py:997} INFO - 
================================================================================
DAG File Processing Stats

File Path                                           PID    Runtime      # DAGs    # Errors  Last Runtime    Last Run               Last # of DB Queries
--------------------------------------------------  -----  ---------  --------  ----------  --------------  -------------------  ----------------------
/home/airflow/airflow/dags/test_ondemand_worker.py                           1           0  0.34s           2025-10-23T05:50:48                      10
================================================================================
[2025-10-23T05:51:28.135+0000] {manager.py:997} INFO - 
================================================================================
DAG File Processing Stats

File Path                                           PID    Runtime      # DAGs    # Errors  Last Runtime    Last Run               Last # of DB Queries
--------------------------------------------------  -----  ---------  --------  ----------  --------------  -------------------  ----------------------
/home/airflow/airflow/dags/test_ondemand_worker.py                           1           0  0.32s           2025-10-23T05:51:19                      10
================================================================================
[2025-10-23T05:51:58.613+0000] {manager.py:997} INFO - 
================================================================================
DAG File Processing Stats

File Path                                           PID    Runtime      # DAGs    # Errors  Last Runtime    Last Run               Last # of DB Queries
--------------------------------------------------  -----  ---------  --------  ----------  --------------  -------------------  ----------------------
/home/airflow/airflow/dags/test_ondemand_worker.py                           1           0  0.31s           2025-10-23T05:51:49                      10
================================================================================
[2025-10-23T05:52:29.092+0000] {manager.py:997} INFO - 
================================================================================
DAG File Processing Stats

File Path                                           PID    Runtime      # DAGs    # Errors  Last Runtime    Last Run               Last # of DB Queries
--------------------------------------------------  -----  ---------  --------  ----------  --------------  -------------------  ----------------------
/home/airflow/airflow/dags/test_ondemand_worker.py                           1           0  0.33s           2025-10-23T05:52:20                      10
================================================================================
[2025-10-23T05:52:59.590+0000] {manager.py:997} INFO - 
================================================================================
DAG File Processing Stats

File Path                                           PID    Runtime      # DAGs    # Errors  Last Runtime    Last Run               Last # of DB Queries
--------------------------------------------------  -----  ---------  --------  ----------  --------------  -------------------  ----------------------
/home/airflow/airflow/dags/test_ondemand_worker.py                           1           0  0.35s           2025-10-23T05:52:50                      10
================================================================================
[2025-10-23T05:53:30.095+0000] {manager.py:997} INFO - 
================================================================================
DAG File Processing Stats

File Path                                           PID    Runtime      # DAGs    # Errors  Last Runtime    Last Run               Last # of DB Queries
--------------------------------------------------  -----  ---------  --------  ----------  --------------  -------------------  ----------------------
/home/airflow/airflow/dags/test_ondemand_worker.py                           1           0  0.31s           2025-10-23T05:53:21                      10
================================================================================
[2025-10-23T05:54:00.561+0000] {manager.py:997} INFO - 
================================================================================
DAG File Processing Stats

File Path                                           PID    Runtime      # DAGs    # Errors  Last Runtime    Last Run               Last # of DB Queries
--------------------------------------------------  -----  ---------  --------  ----------  --------------  -------------------  ----------------------
/home/airflow/airflow/dags/test_ondemand_worker.py                           1           0  0.31s           2025-10-23T05:53:51                      10
================================================================================
[2025-10-23T05:54:08.599+0000] {manager.py:821} INFO - Searching for files in /home/airflow/airflow/dags
[2025-10-23T05:54:08.600+0000] {manager.py:824} INFO - There are 1 files in /home/airflow/airflow/dags
[2025-10-23T05:54:31.014+0000] {manager.py:997} INFO - 
================================================================================
DAG File Processing Stats

File Path                                           PID    Runtime      # DAGs    # Errors  Last Runtime    Last Run               Last # of DB Queries
--------------------------------------------------  -----  ---------  --------  ----------  --------------  -------------------  ----------------------
/home/airflow/airflow/dags/test_ondemand_worker.py                           1           0  0.29s           2025-10-23T05:54:22                      10
================================================================================
[2025-10-23T05:55:01.483+0000] {manager.py:997} INFO - 
================================================================================
DAG File Processing Stats

File Path                                           PID    Runtime      # DAGs    # Errors  Last Runtime    Last Run               Last # of DB Queries
--------------------------------------------------  -----  ---------  --------  ----------  --------------  -------------------  ----------------------
/home/airflow/airflow/dags/test_ondemand_worker.py                           1           0  0.31s           2025-10-23T05:54:52                      10
================================================================================
[2025-10-23T05:55:31.941+0000] {manager.py:997} INFO - 
================================================================================
DAG File Processing Stats

File Path                                           PID    Runtime      # DAGs    # Errors  Last Runtime    Last Run               Last # of DB Queries
--------------------------------------------------  -----  ---------  --------  ----------  --------------  -------------------  ----------------------
/home/airflow/airflow/dags/test_ondemand_worker.py                           1           0  0.31s           2025-10-23T05:55:23                      10
================================================================================
[2025-10-23T05:56:02.402+0000] {manager.py:997} INFO - 
================================================================================
DAG File Processing Stats

File Path                                           PID    Runtime      # DAGs    # Errors  Last Runtime    Last Run               Last # of DB Queries
--------------------------------------------------  -----  ---------  --------  ----------  --------------  -------------------  ----------------------
/home/airflow/airflow/dags/test_ondemand_worker.py                           1           0  0.30s           2025-10-23T05:55:53                      10
================================================================================
[2025-10-23T05:56:32.855+0000] {manager.py:997} INFO - 
================================================================================
DAG File Processing Stats

File Path                                           PID    Runtime      # DAGs    # Errors  Last Runtime    Last Run               Last # of DB Queries
--------------------------------------------------  -----  ---------  --------  ----------  --------------  -------------------  ----------------------
/home/airflow/airflow/dags/test_ondemand_worker.py                           1           0  0.30s           2025-10-23T05:56:24                      10
================================================================================
[2025-10-23T05:57:03.303+0000] {manager.py:997} INFO - 
================================================================================
DAG File Processing Stats

File Path                                           PID    Runtime      # DAGs    # Errors  Last Runtime    Last Run               Last # of DB Queries
--------------------------------------------------  -----  ---------  --------  ----------  --------------  -------------------  ----------------------
/home/airflow/airflow/dags/test_ondemand_worker.py                           1           0  0.30s           2025-10-23T05:56:54                      10
================================================================================
[2025-10-23T05:57:33.758+0000] {manager.py:997} INFO - 
================================================================================
DAG File Processing Stats

File Path                                           PID    Runtime      # DAGs    # Errors  Last Runtime    Last Run               Last # of DB Queries
--------------------------------------------------  -----  ---------  --------  ----------  --------------  -------------------  ----------------------
/home/airflow/airflow/dags/test_ondemand_worker.py                           1           0  0.30s           2025-10-23T05:57:25                      10
================================================================================
[2025-10-23T05:58:04.200+0000] {manager.py:997} INFO - 
================================================================================
DAG File Processing Stats

File Path                                           PID    Runtime      # DAGs    # Errors  Last Runtime    Last Run               Last # of DB Queries
--------------------------------------------------  -----  ---------  --------  ----------  --------------  -------------------  ----------------------
/home/airflow/airflow/dags/test_ondemand_worker.py                           1           0  0.31s           2025-10-23T05:57:55                      10
================================================================================
[2025-10-23T05:58:34.669+0000] {manager.py:997} INFO - 
================================================================================
DAG File Processing Stats

File Path                                           PID    Runtime      # DAGs    # Errors  Last Runtime    Last Run               Last # of DB Queries
--------------------------------------------------  -----  ---------  --------  ----------  --------------  -------------------  ----------------------
/home/airflow/airflow/dags/test_ondemand_worker.py                           1           0  0.30s           2025-10-23T05:58:25                      10
================================================================================
[2025-10-23T05:59:05.145+0000] {manager.py:997} INFO - 
================================================================================
DAG File Processing Stats

File Path                                           PID    Runtime      # DAGs    # Errors  Last Runtime    Last Run               Last # of DB Queries
--------------------------------------------------  -----  ---------  --------  ----------  --------------  -------------------  ----------------------
/home/airflow/airflow/dags/test_ondemand_worker.py                           1           0  0.34s           2025-10-23T05:58:56                      10
================================================================================
[2025-10-23T05:59:09.165+0000] {manager.py:821} INFO - Searching for files in /home/airflow/airflow/dags
[2025-10-23T05:59:09.166+0000] {manager.py:824} INFO - There are 1 files in /home/airflow/airflow/dags
[2025-10-23T05:59:35.615+0000] {manager.py:997} INFO - 
================================================================================
DAG File Processing Stats

File Path                                           PID    Runtime      # DAGs    # Errors  Last Runtime    Last Run               Last # of DB Queries
--------------------------------------------------  -----  ---------  --------  ----------  --------------  -------------------  ----------------------
/home/airflow/airflow/dags/test_ondemand_worker.py                           1           0  0.33s           2025-10-23T05:59:26                      10
================================================================================
[2025-10-23T06:00:06.125+0000] {manager.py:997} INFO - 
================================================================================
DAG File Processing Stats

File Path                                           PID    Runtime      # DAGs    # Errors  Last Runtime    Last Run               Last # of DB Queries
--------------------------------------------------  -----  ---------  --------  ----------  --------------  -------------------  ----------------------
/home/airflow/airflow/dags/test_ondemand_worker.py                           1           0  0.32s           2025-10-23T05:59:57                      10
================================================================================
[2025-10-23T06:00:36.639+0000] {manager.py:997} INFO - 
================================================================================
DAG File Processing Stats

File Path                                           PID    Runtime      # DAGs    # Errors  Last Runtime    Last Run               Last # of DB Queries
--------------------------------------------------  -----  ---------  --------  ----------  --------------  -------------------  ----------------------
/home/airflow/airflow/dags/test_ondemand_worker.py                           1           0  0.33s           2025-10-23T06:00:27                      10
================================================================================
[2025-10-23T06:01:07.158+0000] {manager.py:997} INFO - 
================================================================================
DAG File Processing Stats

File Path                                           PID    Runtime      # DAGs    # Errors  Last Runtime    Last Run               Last # of DB Queries
--------------------------------------------------  -----  ---------  --------  ----------  --------------  -------------------  ----------------------
/home/airflow/airflow/dags/test_ondemand_worker.py                           1           0  0.32s           2025-10-23T06:00:58                      10
================================================================================
[2025-10-23T06:01:37.669+0000] {manager.py:997} INFO - 
================================================================================
DAG File Processing Stats

File Path                                           PID    Runtime      # DAGs    # Errors  Last Runtime    Last Run               Last # of DB Queries
--------------------------------------------------  -----  ---------  --------  ----------  --------------  -------------------  ----------------------
/home/airflow/airflow/dags/test_ondemand_worker.py                           1           0  0.30s           2025-10-23T06:01:28                      10
================================================================================
[2025-10-23T06:02:08.144+0000] {manager.py:997} INFO - 
================================================================================
DAG File Processing Stats

File Path                                           PID    Runtime      # DAGs    # Errors  Last Runtime    Last Run               Last # of DB Queries
--------------------------------------------------  -----  ---------  --------  ----------  --------------  -------------------  ----------------------
/home/airflow/airflow/dags/test_ondemand_worker.py                           1           0  0.32s           2025-10-23T06:01:59                      10
================================================================================
[2025-10-23T06:02:38.650+0000] {manager.py:997} INFO - 
================================================================================
DAG File Processing Stats

File Path                                           PID    Runtime      # DAGs    # Errors  Last Runtime    Last Run               Last # of DB Queries
--------------------------------------------------  -----  ---------  --------  ----------  --------------  -------------------  ----------------------
/home/airflow/airflow/dags/test_ondemand_worker.py                           1           0  0.32s           2025-10-23T06:02:29                      10
================================================================================
[2025-10-23T06:03:09.123+0000] {manager.py:997} INFO - 
================================================================================
DAG File Processing Stats

File Path                                           PID    Runtime      # DAGs    # Errors  Last Runtime    Last Run               Last # of DB Queries
--------------------------------------------------  -----  ---------  --------  ----------  --------------  -------------------  ----------------------
/home/airflow/airflow/dags/test_ondemand_worker.py                           1           0  0.34s           2025-10-23T06:03:00                      10
================================================================================
[2025-10-23T06:03:39.589+0000] {manager.py:997} INFO - 
================================================================================
DAG File Processing Stats

File Path                                           PID    Runtime      # DAGs    # Errors  Last Runtime    Last Run               Last # of DB Queries
--------------------------------------------------  -----  ---------  --------  ----------  --------------  -------------------  ----------------------
/home/airflow/airflow/dags/test_ondemand_worker.py                           1           0  0.33s           2025-10-23T06:03:30                      10
================================================================================
[2025-10-23T06:04:09.390+0000] {manager.py:821} INFO - Searching for files in /home/airflow/airflow/dags
[2025-10-23T06:04:09.392+0000] {manager.py:824} INFO - There are 1 files in /home/airflow/airflow/dags
[2025-10-23T06:04:10.065+0000] {manager.py:997} INFO - 
================================================================================
DAG File Processing Stats

File Path                                           PID    Runtime      # DAGs    # Errors  Last Runtime    Last Run               Last # of DB Queries
--------------------------------------------------  -----  ---------  --------  ----------  --------------  -------------------  ----------------------
/home/airflow/airflow/dags/test_ondemand_worker.py                           1           0  0.33s           2025-10-23T06:04:01                      10
================================================================================
[2025-10-23T06:04:40.622+0000] {manager.py:997} INFO - 
================================================================================
DAG File Processing Stats

File Path                                           PID    Runtime      # DAGs    # Errors  Last Runtime    Last Run               Last # of DB Queries
--------------------------------------------------  -----  ---------  --------  ----------  --------------  -------------------  ----------------------
/home/airflow/airflow/dags/test_ondemand_worker.py                           1           0  0.33s           2025-10-23T06:04:31                      10
================================================================================
[2025-10-23T06:05:11.094+0000] {manager.py:997} INFO - 
================================================================================
DAG File Processing Stats

File Path                                           PID    Runtime      # DAGs    # Errors  Last Runtime    Last Run               Last # of DB Queries
--------------------------------------------------  -----  ---------  --------  ----------  --------------  -------------------  ----------------------
/home/airflow/airflow/dags/test_ondemand_worker.py                           1           0  0.33s           2025-10-23T06:05:02                      10
================================================================================
[2025-10-23T06:05:41.579+0000] {manager.py:997} INFO - 
================================================================================
DAG File Processing Stats

File Path                                           PID    Runtime      # DAGs    # Errors  Last Runtime    Last Run               Last # of DB Queries
--------------------------------------------------  -----  ---------  --------  ----------  --------------  -------------------  ----------------------
/home/airflow/airflow/dags/test_ondemand_worker.py                           1           0  0.32s           2025-10-23T06:05:32                      10
================================================================================
[2025-10-23T06:06:12.051+0000] {manager.py:997} INFO - 
================================================================================
DAG File Processing Stats

File Path                                           PID    Runtime      # DAGs    # Errors  Last Runtime    Last Run               Last # of DB Queries
--------------------------------------------------  -----  ---------  --------  ----------  --------------  -------------------  ----------------------
/home/airflow/airflow/dags/test_ondemand_worker.py                           1           0  0.35s           2025-10-23T06:06:03                      10
================================================================================
[2025-10-23T06:06:42.555+0000] {manager.py:997} INFO - 
================================================================================
DAG File Processing Stats

File Path                                           PID    Runtime      # DAGs    # Errors  Last Runtime    Last Run               Last # of DB Queries
--------------------------------------------------  -----  ---------  --------  ----------  --------------  -------------------  ----------------------
/home/airflow/airflow/dags/test_ondemand_worker.py                           1           0  0.33s           2025-10-23T06:06:33                      10
================================================================================
[2025-10-23T06:07:13.028+0000] {manager.py:997} INFO - 
================================================================================
DAG File Processing Stats

File Path                                           PID    Runtime      # DAGs    # Errors  Last Runtime    Last Run               Last # of DB Queries
--------------------------------------------------  -----  ---------  --------  ----------  --------------  -------------------  ----------------------
/home/airflow/airflow/dags/test_ondemand_worker.py                           1           0  0.33s           2025-10-23T06:07:04                      10
================================================================================
[2025-10-23T06:07:43.545+0000] {manager.py:997} INFO - 
================================================================================
DAG File Processing Stats

File Path                                           PID    Runtime      # DAGs    # Errors  Last Runtime    Last Run               Last # of DB Queries
--------------------------------------------------  -----  ---------  --------  ----------  --------------  -------------------  ----------------------
/home/airflow/airflow/dags/test_ondemand_worker.py                           1           0  0.33s           2025-10-23T06:07:34                      10
================================================================================
[2025-10-23T06:08:14.017+0000] {manager.py:997} INFO - 
================================================================================
DAG File Processing Stats

File Path                                           PID    Runtime      # DAGs    # Errors  Last Runtime    Last Run               Last # of DB Queries
--------------------------------------------------  -----  ---------  --------  ----------  --------------  -------------------  ----------------------
/home/airflow/airflow/dags/test_ondemand_worker.py                           1           0  0.35s           2025-10-23T06:08:05                      10
================================================================================
[2025-10-23T06:08:44.516+0000] {manager.py:997} INFO - 
================================================================================
DAG File Processing Stats

File Path                                           PID    Runtime      # DAGs    # Errors  Last Runtime    Last Run               Last # of DB Queries
--------------------------------------------------  -----  ---------  --------  ----------  --------------  -------------------  ----------------------
/home/airflow/airflow/dags/test_ondemand_worker.py                           1           0  0.32s           2025-10-23T06:08:35                      10
================================================================================
[2025-10-23T06:09:09.965+0000] {manager.py:821} INFO - Searching for files in /home/airflow/airflow/dags
[2025-10-23T06:09:09.966+0000] {manager.py:824} INFO - There are 1 files in /home/airflow/airflow/dags
[2025-10-23T06:09:15.004+0000] {manager.py:997} INFO - 
================================================================================
DAG File Processing Stats

File Path                                           PID    Runtime      # DAGs    # Errors  Last Runtime    Last Run               Last # of DB Queries
--------------------------------------------------  -----  ---------  --------  ----------  --------------  -------------------  ----------------------
/home/airflow/airflow/dags/test_ondemand_worker.py                           1           0  0.33s           2025-10-23T06:09:06                      10
================================================================================
[2025-10-23T06:09:45.490+0000] {manager.py:997} INFO - 
================================================================================
DAG File Processing Stats

File Path                                           PID    Runtime      # DAGs    # Errors  Last Runtime    Last Run               Last # of DB Queries
--------------------------------------------------  -----  ---------  --------  ----------  --------------  -------------------  ----------------------
/home/airflow/airflow/dags/test_ondemand_worker.py                           1           0  0.34s           2025-10-23T06:09:36                      10
================================================================================
[2025-10-23T06:10:16.007+0000] {manager.py:997} INFO - 
================================================================================
DAG File Processing Stats

File Path                                           PID    Runtime      # DAGs    # Errors  Last Runtime    Last Run               Last # of DB Queries
--------------------------------------------------  -----  ---------  --------  ----------  --------------  -------------------  ----------------------
/home/airflow/airflow/dags/test_ondemand_worker.py                           1           0  0.31s           2025-10-23T06:10:07                      10
================================================================================
[2025-10-23T06:10:46.487+0000] {manager.py:997} INFO - 
================================================================================
DAG File Processing Stats

File Path                                           PID    Runtime      # DAGs    # Errors  Last Runtime    Last Run               Last # of DB Queries
--------------------------------------------------  -----  ---------  --------  ----------  --------------  -------------------  ----------------------
/home/airflow/airflow/dags/test_ondemand_worker.py                           1           0  0.35s           2025-10-23T06:10:37                      10
================================================================================
[2025-10-23T06:11:17.000+0000] {manager.py:997} INFO - 
================================================================================
DAG File Processing Stats

File Path                                           PID    Runtime      # DAGs    # Errors  Last Runtime    Last Run               Last # of DB Queries
--------------------------------------------------  -----  ---------  --------  ----------  --------------  -------------------  ----------------------
/home/airflow/airflow/dags/test_ondemand_worker.py                           1           0  0.34s           2025-10-23T06:11:08                      10
================================================================================
[2025-10-23T06:11:47.501+0000] {manager.py:997} INFO - 
================================================================================
DAG File Processing Stats

File Path                                           PID    Runtime      # DAGs    # Errors  Last Runtime    Last Run               Last # of DB Queries
--------------------------------------------------  -----  ---------  --------  ----------  --------------  -------------------  ----------------------
/home/airflow/airflow/dags/test_ondemand_worker.py                           1           0  0.31s           2025-10-23T06:11:38                      10
================================================================================
[2025-10-23T06:12:17.964+0000] {manager.py:997} INFO - 
================================================================================
DAG File Processing Stats

File Path                                           PID    Runtime      # DAGs    # Errors  Last Runtime    Last Run               Last # of DB Queries
--------------------------------------------------  -----  ---------  --------  ----------  --------------  -------------------  ----------------------
/home/airflow/airflow/dags/test_ondemand_worker.py                           1           0  0.42s           2025-10-23T06:12:09                      10
================================================================================
[2025-10-23T06:12:48.556+0000] {manager.py:997} INFO - 
================================================================================
DAG File Processing Stats

File Path                                           PID    Runtime      # DAGs    # Errors  Last Runtime    Last Run               Last # of DB Queries
--------------------------------------------------  -----  ---------  --------  ----------  --------------  -------------------  ----------------------
/home/airflow/airflow/dags/test_ondemand_worker.py                           1           0  0.33s           2025-10-23T06:12:39                      10
================================================================================
[2025-10-23T06:13:19.042+0000] {manager.py:997} INFO - 
================================================================================
DAG File Processing Stats

File Path                                           PID    Runtime      # DAGs    # Errors  Last Runtime    Last Run               Last # of DB Queries
--------------------------------------------------  -----  ---------  --------  ----------  --------------  -------------------  ----------------------
/home/airflow/airflow/dags/test_ondemand_worker.py                           1           0  0.35s           2025-10-23T06:13:10                      10
================================================================================
[2025-10-23T06:13:49.529+0000] {manager.py:997} INFO - 
================================================================================
DAG File Processing Stats

File Path                                           PID    Runtime      # DAGs    # Errors  Last Runtime    Last Run               Last # of DB Queries
--------------------------------------------------  -----  ---------  --------  ----------  --------------  -------------------  ----------------------
/home/airflow/airflow/dags/test_ondemand_worker.py                           1           0  0.33s           2025-10-23T06:13:40                      10
================================================================================
[2025-10-23T06:14:10.648+0000] {manager.py:821} INFO - Searching for files in /home/airflow/airflow/dags
[2025-10-23T06:14:10.649+0000] {manager.py:824} INFO - There are 1 files in /home/airflow/airflow/dags
[2025-10-23T06:14:20.029+0000] {manager.py:997} INFO - 
================================================================================
DAG File Processing Stats

File Path                                           PID    Runtime      # DAGs    # Errors  Last Runtime    Last Run               Last # of DB Queries
--------------------------------------------------  -----  ---------  --------  ----------  --------------  -------------------  ----------------------
/home/airflow/airflow/dags/test_ondemand_worker.py                           1           0  0.36s           2025-10-23T06:14:11                      10
================================================================================
[2025-10-23T06:14:50.544+0000] {manager.py:997} INFO - 
================================================================================
DAG File Processing Stats

File Path                                           PID    Runtime      # DAGs    # Errors  Last Runtime    Last Run               Last # of DB Queries
--------------------------------------------------  -----  ---------  --------  ----------  --------------  -------------------  ----------------------
/home/airflow/airflow/dags/test_ondemand_worker.py                           1           0  0.34s           2025-10-23T06:14:41                      10
================================================================================
